GowinSynthesis start
Running parser ...
Analyzing Verilog file '/home/alberto/self_socmel_1/litex-boards/litex_boards/targets/socmel_1/myperiph.v'
Analyzing Verilog file '/home/alberto/self_socmel_1/litex-boards/litex_boards/targets/socmel_1/sdr_periph/verilog/sdr_periph.v'
Undeclared symbol 'data_valid_o', assumed default net type 'wire'("/home/alberto/self_socmel_1/litex-boards/litex_boards/targets/socmel_1/sdr_periph/verilog/sdr_periph.v":197)
Analyzing Verilog file '/home/alberto/self_socmel_1/litex-boards/litex_boards/targets/socmel_1/sdr_periph/verilog/Hilbert.v'
Analyzing Verilog file '/home/alberto/self_socmel_1/litex-boards/litex_boards/targets/socmel_1/sdr_periph/verilog/NCO.v'
Analyzing Verilog file '/home/alberto/self_socmel_1/litex-boards/litex_boards/targets/socmel_1/sdr_periph/verilog/pt8211_drive.v'
Analyzing Verilog file '/home/alberto/self_socmel_1/litex-boards/litex_boards/targets/socmel_1/sdr_periph/verilog/SinCos.v'
Analyzing Verilog file '/home/alberto/self_socmel_1/litex-boards/litex_boards/targets/socmel_1/sdr_periph/verilog/dds_ii.v'
Analyzing Verilog file '/home/alberto/self_socmel_1/litex-boards/litex_boards/targets/socmel_1/sdr_periph/verilog/cic_filter.v'
Analyzing Verilog file '/home/alberto/litex_venv/pythondata-cpu-vexriscv/pythondata_cpu_vexriscv/verilog/VexRiscv_Lite.v'
Analyzing Verilog file '/home/alberto/socmel_1/litex-boards/litex_boards/targets/socmel_1/build/sipeed_tang_primer_20k_socmel_1/gateware/sipeed_tang_primer_20k_socmel_1.v'
Compiling module 'sipeed_tang_primer_20k_socmel_1'("/home/alberto/socmel_1/litex-boards/litex_boards/targets/socmel_1/build/sipeed_tang_primer_20k_socmel_1/gateware/sipeed_tang_primer_20k_socmel_1.v":21)
WARN  (EX3780) : Using initial value of 'basesoc_basesoc_basesoc_adr_burst' since it is never assigned("/home/alberto/socmel_1/litex-boards/litex_boards/targets/socmel_1/build/sipeed_tang_primer_20k_socmel_1/gateware/sipeed_tang_primer_20k_socmel_1.v":690)
WARN  (EX3780) : Using initial value of 'basesoc_basesoc_basesoc_ram_bus_err' since it is never assigned("/home/alberto/socmel_1/litex-boards/litex_boards/targets/socmel_1/build/sipeed_tang_primer_20k_socmel_1/gateware/sipeed_tang_primer_20k_socmel_1.v":699)
WARN  (EX3780) : Using initial value of 'basesoc_basesoc_ram_adr_burst' since it is never assigned("/home/alberto/socmel_1/litex-boards/litex_boards/targets/socmel_1/build/sipeed_tang_primer_20k_socmel_1/gateware/sipeed_tang_primer_20k_socmel_1.v":733)
WARN  (EX3780) : Using initial value of 'basesoc_basesoc_ram_bus_ram_bus_err' since it is never assigned("/home/alberto/socmel_1/litex-boards/litex_boards/targets/socmel_1/build/sipeed_tang_primer_20k_socmel_1/gateware/sipeed_tang_primer_20k_socmel_1.v":741)
WARN  (EX3780) : Using initial value of 'basesoc_basesoc_rx_source_first' since it is never assigned("/home/alberto/socmel_1/litex-boards/litex_boards/targets/socmel_1/build/sipeed_tang_primer_20k_socmel_1/gateware/sipeed_tang_primer_20k_socmel_1.v":761)
WARN  (EX3780) : Using initial value of 'basesoc_basesoc_rx_source_last' since it is never assigned("/home/alberto/socmel_1/litex-boards/litex_boards/targets/socmel_1/build/sipeed_tang_primer_20k_socmel_1/gateware/sipeed_tang_primer_20k_socmel_1.v":762)
WARN  (EX3780) : Using initial value of 'basesoc_basesoc_uart_rx_fifo_replace' since it is never assigned("/home/alberto/socmel_1/litex-boards/litex_boards/targets/socmel_1/build/sipeed_tang_primer_20k_socmel_1/gateware/sipeed_tang_primer_20k_socmel_1.v":843)
WARN  (EX3780) : Using initial value of 'basesoc_basesoc_uart_tx_fifo_replace' since it is never assigned("/home/alberto/socmel_1/litex-boards/litex_boards/targets/socmel_1/build/sipeed_tang_primer_20k_socmel_1/gateware/sipeed_tang_primer_20k_socmel_1.v":901)
WARN  (EX3780) : Using initial value of 'basesoc_basesoc_uart_tx_fifo_sink_first' since it is never assigned("/home/alberto/socmel_1/litex-boards/litex_boards/targets/socmel_1/build/sipeed_tang_primer_20k_socmel_1/gateware/sipeed_tang_primer_20k_socmel_1.v":902)
WARN  (EX3780) : Using initial value of 'basesoc_basesoc_uart_tx_fifo_sink_last' since it is never assigned("/home/alberto/socmel_1/litex-boards/litex_boards/targets/socmel_1/build/sipeed_tang_primer_20k_socmel_1/gateware/sipeed_tang_primer_20k_socmel_1.v":903)
WARN  (EX3780) : Using initial value of 'basesoc_basesoc_vexriscv' since it is never assigned("/home/alberto/socmel_1/litex-boards/litex_boards/targets/socmel_1/build/sipeed_tang_primer_20k_socmel_1/gateware/sipeed_tang_primer_20k_socmel_1.v":942)
WARN  (EX3780) : Using initial value of 'basesoc_ethcore_arp_rx_depacketizer_sink_d_last' since it is never assigned("/home/alberto/socmel_1/litex-boards/litex_boards/targets/socmel_1/build/sipeed_tang_primer_20k_socmel_1/gateware/sipeed_tang_primer_20k_socmel_1.v":999)
WARN  (EX3780) : Using initial value of 'basesoc_ethcore_arp_rx_depacketizer_sr_shift_leftover' since it is never assigned("/home/alberto/socmel_1/litex-boards/litex_boards/targets/socmel_1/build/sipeed_tang_primer_20k_socmel_1/gateware/sipeed_tang_primer_20k_socmel_1.v":1031)
WARN  (EX3780) : Using initial value of 'basesoc_ethcore_arp_rx_source_source_first' since it is never assigned("/home/alberto/socmel_1/litex-boards/litex_boards/targets/socmel_1/build/sipeed_tang_primer_20k_socmel_1/gateware/sipeed_tang_primer_20k_socmel_1.v":1045)
WARN  (EX3780) : Using initial value of 'basesoc_ethcore_arp_rx_source_source_last' since it is never assigned("/home/alberto/socmel_1/litex-boards/litex_boards/targets/socmel_1/build/sipeed_tang_primer_20k_socmel_1/gateware/sipeed_tang_primer_20k_socmel_1.v":1046)
WARN  (EX3780) : Using initial value of 'basesoc_ethcore_arp_table_cache_clear_enable' since it is never assigned("/home/alberto/socmel_1/litex-boards/litex_boards/targets/socmel_1/build/sipeed_tang_primer_20k_socmel_1/gateware/sipeed_tang_primer_20k_socmel_1.v":1054)
WARN  (EX3780) : Using initial value of 'basesoc_ethcore_arp_table_cache_enable' since it is never assigned("/home/alberto/socmel_1/litex-boards/litex_boards/targets/socmel_1/build/sipeed_tang_primer_20k_socmel_1/gateware/sipeed_tang_primer_20k_socmel_1.v":1057)
WARN  (EX3780) : Using initial value of 'basesoc_ethcore_arp_table_sink_ready' since it is never assigned("/home/alberto/socmel_1/litex-boards/litex_boards/targets/socmel_1/build/sipeed_tang_primer_20k_socmel_1/gateware/sipeed_tang_primer_20k_socmel_1.v":1119)
WARN  (EX3780) : Using initial value of 'basesoc_ethcore_arp_table_source_first' since it is never assigned("/home/alberto/socmel_1/litex-boards/litex_boards/targets/socmel_1/build/sipeed_tang_primer_20k_socmel_1/gateware/sipeed_tang_primer_20k_socmel_1.v":1121)
WARN  (EX3780) : Using initial value of 'basesoc_ethcore_arp_table_source_last' since it is never assigned("/home/alberto/socmel_1/litex-boards/litex_boards/targets/socmel_1/build/sipeed_tang_primer_20k_socmel_1/gateware/sipeed_tang_primer_20k_socmel_1.v":1122)
WARN  (EX3780) : Using initial value of 'basesoc_ethcore_arp_tx_packetizer_sink_payload_data' since it is never assigned("/home/alberto/socmel_1/litex-boards/litex_boards/targets/socmel_1/build/sipeed_tang_primer_20k_socmel_1/gateware/sipeed_tang_primer_20k_socmel_1.v":1158)
WARN  (EX3780) : Using initial value of 'basesoc_ethcore_arp_tx_packetizer_sink_payload_error' since it is never assigned("/home/alberto/socmel_1/litex-boards/litex_boards/targets/socmel_1/build/sipeed_tang_primer_20k_socmel_1/gateware/sipeed_tang_primer_20k_socmel_1.v":1159)
WARN  (EX3780) : Using initial value of 'basesoc_ethcore_arp_tx_packetizer_source_first' since it is never assigned("/home/alberto/socmel_1/litex-boards/litex_boards/targets/socmel_1/build/sipeed_tang_primer_20k_socmel_1/gateware/sipeed_tang_primer_20k_socmel_1.v":1163)
WARN  (EX3780) : Using initial value of 'basesoc_ethcore_arp_tx_packetizer_source_payload_ethernet_type' since it is never assigned("/home/alberto/socmel_1/litex-boards/litex_boards/targets/socmel_1/build/sipeed_tang_primer_20k_socmel_1/gateware/sipeed_tang_primer_20k_socmel_1.v":1170)
WARN  (EX3780) : Using initial value of 'basesoc_ethcore_arp_tx_packetizer_source_payload_sender_mac' since it is never assigned("/home/alberto/socmel_1/litex-boards/litex_boards/targets/socmel_1/build/sipeed_tang_primer_20k_socmel_1/gateware/sipeed_tang_primer_20k_socmel_1.v":1172)
WARN  (EX3780) : Using initial value of 'basesoc_ethcore_arp_tx_packetizer_source_payload_target_mac' since it is never assigned("/home/alberto/socmel_1/litex-boards/litex_boards/targets/socmel_1/build/sipeed_tang_primer_20k_socmel_1/gateware/sipeed_tang_primer_20k_socmel_1.v":1173)
WARN  (EX3780) : Using initial value of 'basesoc_ethcore_icmp_echo_param_fifo_replace' since it is never assigned("/home/alberto/socmel_1/litex-boards/litex_boards/targets/socmel_1/build/sipeed_tang_primer_20k_socmel_1/gateware/sipeed_tang_primer_20k_socmel_1.v":1245)
WARN  (EX3780) : Using initial value of 'basesoc_ethcore_icmp_echo_param_fifo_sink_first' since it is never assigned("/home/alberto/socmel_1/litex-boards/litex_boards/targets/socmel_1/build/sipeed_tang_primer_20k_socmel_1/gateware/sipeed_tang_primer_20k_socmel_1.v":1246)
WARN  (EX3780) : Using initial value of 'basesoc_ethcore_icmp_echo_param_fifo_sink_last' since it is never assigned("/home/alberto/socmel_1/litex-boards/litex_boards/targets/socmel_1/build/sipeed_tang_primer_20k_socmel_1/gateware/sipeed_tang_primer_20k_socmel_1.v":1247)
WARN  (EX3780) : Using initial value of 'basesoc_ethcore_icmp_echo_payload_fifo_replace' since it is never assigned("/home/alberto/socmel_1/litex-boards/litex_boards/targets/socmel_1/build/sipeed_tang_primer_20k_socmel_1/gateware/sipeed_tang_primer_20k_socmel_1.v":1296)
WARN  (EX3780) : Using initial value of 'basesoc_ethcore_icmp_echo_payload_fifo_sink_first' since it is never assigned("/home/alberto/socmel_1/litex-boards/litex_boards/targets/socmel_1/build/sipeed_tang_primer_20k_socmel_1/gateware/sipeed_tang_primer_20k_socmel_1.v":1297)
WARN  (EX3780) : Using initial value of 'basesoc_ethcore_icmp_rx_depacketizer_sink_d_last' since it is never assigned("/home/alberto/socmel_1/litex-boards/litex_boards/targets/socmel_1/build/sipeed_tang_primer_20k_socmel_1/gateware/sipeed_tang_primer_20k_socmel_1.v":1409)
WARN  (EX3780) : Using initial value of 'basesoc_ethcore_icmp_rx_depacketizer_sr_shift_leftover' since it is never assigned("/home/alberto/socmel_1/litex-boards/litex_boards/targets/socmel_1/build/sipeed_tang_primer_20k_socmel_1/gateware/sipeed_tang_primer_20k_socmel_1.v":1436)
WARN  (EX3780) : Using initial value of 'basesoc_ethcore_icmp_rx_source_source_first' since it is never assigned("/home/alberto/socmel_1/litex-boards/litex_boards/targets/socmel_1/build/sipeed_tang_primer_20k_socmel_1/gateware/sipeed_tang_primer_20k_socmel_1.v":1448)
WARN  (EX3780) : Using initial value of 'basesoc_ethcore_icmp_tx_packetizer_sink_payload_error' since it is never assigned("/home/alberto/socmel_1/litex-boards/litex_boards/targets/socmel_1/build/sipeed_tang_primer_20k_socmel_1/gateware/sipeed_tang_primer_20k_socmel_1.v":1483)
WARN  (EX3780) : Using initial value of 'basesoc_ethcore_icmp_tx_packetizer_source_first' since it is never assigned("/home/alberto/socmel_1/litex-boards/litex_boards/targets/socmel_1/build/sipeed_tang_primer_20k_socmel_1/gateware/sipeed_tang_primer_20k_socmel_1.v":1487)
WARN  (EX3780) : Using initial value of 'basesoc_ethcore_icmp_tx_packetizer_source_param_ip_address' since it is never assigned("/home/alberto/socmel_1/litex-boards/litex_boards/targets/socmel_1/build/sipeed_tang_primer_20k_socmel_1/gateware/sipeed_tang_primer_20k_socmel_1.v":1492)
WARN  (EX3780) : Using initial value of 'basesoc_ethcore_icmp_tx_packetizer_source_param_length' since it is never assigned("/home/alberto/socmel_1/litex-boards/litex_boards/targets/socmel_1/build/sipeed_tang_primer_20k_socmel_1/gateware/sipeed_tang_primer_20k_socmel_1.v":1493)
WARN  (EX3780) : Using initial value of 'basesoc_ethcore_icmp_tx_packetizer_source_param_protocol' since it is never assigned("/home/alberto/socmel_1/litex-boards/litex_boards/targets/socmel_1/build/sipeed_tang_primer_20k_socmel_1/gateware/sipeed_tang_primer_20k_socmel_1.v":1494)
WARN  (EX3780) : Using initial value of 'basesoc_ethcore_ip_rx_depacketizer_sink_d_last' since it is never assigned("/home/alberto/socmel_1/litex-boards/litex_boards/targets/socmel_1/build/sipeed_tang_primer_20k_socmel_1/gateware/sipeed_tang_primer_20k_socmel_1.v":1603)
WARN  (EX3780) : Using initial value of 'basesoc_ethcore_ip_rx_depacketizer_sr_shift_leftover' since it is never assigned("/home/alberto/socmel_1/litex-boards/litex_boards/targets/socmel_1/build/sipeed_tang_primer_20k_socmel_1/gateware/sipeed_tang_primer_20k_socmel_1.v":1635)
WARN  (EX3780) : Using initial value of 'basesoc_ethcore_ip_rx_liteethipv4checksum0' since it is never assigned("/home/alberto/socmel_1/litex-boards/litex_boards/targets/socmel_1/build/sipeed_tang_primer_20k_socmel_1/gateware/sipeed_tang_primer_20k_socmel_1.v":1637)
WARN  (EX3780) : Using initial value of 'basesoc_ethcore_ip_rx_liteethipv4checksum1' since it is never assigned("/home/alberto/socmel_1/litex-boards/litex_boards/targets/socmel_1/build/sipeed_tang_primer_20k_socmel_1/gateware/sipeed_tang_primer_20k_socmel_1.v":1638)
WARN  (EX3780) : Using initial value of 'basesoc_ethcore_ip_rx_liteethipv4checksum2' since it is never assigned("/home/alberto/socmel_1/litex-boards/litex_boards/targets/socmel_1/build/sipeed_tang_primer_20k_socmel_1/gateware/sipeed_tang_primer_20k_socmel_1.v":1639)
WARN  (EX3780) : Using initial value of 'basesoc_ethcore_ip_rx_liteethipv4checksum3' since it is never assigned("/home/alberto/socmel_1/litex-boards/litex_boards/targets/socmel_1/build/sipeed_tang_primer_20k_socmel_1/gateware/sipeed_tang_primer_20k_socmel_1.v":1640)
WARN  (EX3780) : Using initial value of 'basesoc_ethcore_ip_rx_liteethipv4checksum4' since it is never assigned("/home/alberto/socmel_1/litex-boards/litex_boards/targets/socmel_1/build/sipeed_tang_primer_20k_socmel_1/gateware/sipeed_tang_primer_20k_socmel_1.v":1641)
WARN  (EX3780) : Using initial value of 'basesoc_ethcore_ip_rx_liteethipv4checksum5' since it is never assigned("/home/alberto/socmel_1/litex-boards/litex_boards/targets/socmel_1/build/sipeed_tang_primer_20k_socmel_1/gateware/sipeed_tang_primer_20k_socmel_1.v":1642)
WARN  (EX3780) : Using initial value of 'basesoc_ethcore_ip_rx_liteethipv4checksum6' since it is never assigned("/home/alberto/socmel_1/litex-boards/litex_boards/targets/socmel_1/build/sipeed_tang_primer_20k_socmel_1/gateware/sipeed_tang_primer_20k_socmel_1.v":1643)
WARN  (EX3780) : Using initial value of 'basesoc_ethcore_ip_rx_liteethipv4checksum7' since it is never assigned("/home/alberto/socmel_1/litex-boards/litex_boards/targets/socmel_1/build/sipeed_tang_primer_20k_socmel_1/gateware/sipeed_tang_primer_20k_socmel_1.v":1644)
WARN  (EX3780) : Using initial value of 'basesoc_ethcore_ip_rx_liteethipv4checksum8' since it is never assigned("/home/alberto/socmel_1/litex-boards/litex_boards/targets/socmel_1/build/sipeed_tang_primer_20k_socmel_1/gateware/sipeed_tang_primer_20k_socmel_1.v":1645)
WARN  (EX3780) : Using initial value of 'basesoc_ethcore_ip_rx_liteethipv4checksum9' since it is never assigned("/home/alberto/socmel_1/litex-boards/litex_boards/targets/socmel_1/build/sipeed_tang_primer_20k_socmel_1/gateware/sipeed_tang_primer_20k_socmel_1.v":1646)
WARN  (EX3780) : Using initial value of 'basesoc_ethcore_ip_rx_liteethipv4checksum_r' since it is never assigned("/home/alberto/socmel_1/litex-boards/litex_boards/targets/socmel_1/build/sipeed_tang_primer_20k_socmel_1/gateware/sipeed_tang_primer_20k_socmel_1.v":1651)
WARN  (EX3780) : Using initial value of 'basesoc_ethcore_ip_rx_source_source_first' since it is never assigned("/home/alberto/socmel_1/litex-boards/litex_boards/targets/socmel_1/build/sipeed_tang_primer_20k_socmel_1/gateware/sipeed_tang_primer_20k_socmel_1.v":1684)
WARN  (EX3780) : Using initial value of 'basesoc_ethcore_ip_tx_liteethipv4checksum0' since it is never assigned("/home/alberto/socmel_1/litex-boards/litex_boards/targets/socmel_1/build/sipeed_tang_primer_20k_socmel_1/gateware/sipeed_tang_primer_20k_socmel_1.v":1695)
WARN  (EX3780) : Using initial value of 'basesoc_ethcore_ip_tx_liteethipv4checksum1' since it is never assigned("/home/alberto/socmel_1/litex-boards/litex_boards/targets/socmel_1/build/sipeed_tang_primer_20k_socmel_1/gateware/sipeed_tang_primer_20k_socmel_1.v":1696)
WARN  (EX3780) : Using initial value of 'basesoc_ethcore_ip_tx_liteethipv4checksum2' since it is never assigned("/home/alberto/socmel_1/litex-boards/litex_boards/targets/socmel_1/build/sipeed_tang_primer_20k_socmel_1/gateware/sipeed_tang_primer_20k_socmel_1.v":1697)
WARN  (EX3780) : Using initial value of 'basesoc_ethcore_ip_tx_liteethipv4checksum3' since it is never assigned("/home/alberto/socmel_1/litex-boards/litex_boards/targets/socmel_1/build/sipeed_tang_primer_20k_socmel_1/gateware/sipeed_tang_primer_20k_socmel_1.v":1698)
WARN  (EX3780) : Using initial value of 'basesoc_ethcore_ip_tx_liteethipv4checksum4' since it is never assigned("/home/alberto/socmel_1/litex-boards/litex_boards/targets/socmel_1/build/sipeed_tang_primer_20k_socmel_1/gateware/sipeed_tang_primer_20k_socmel_1.v":1699)
WARN  (EX3780) : Using initial value of 'basesoc_ethcore_ip_tx_liteethipv4checksum5' since it is never assigned("/home/alberto/socmel_1/litex-boards/litex_boards/targets/socmel_1/build/sipeed_tang_primer_20k_socmel_1/gateware/sipeed_tang_primer_20k_socmel_1.v":1700)
WARN  (EX3780) : Using initial value of 'basesoc_ethcore_ip_tx_liteethipv4checksum6' since it is never assigned("/home/alberto/socmel_1/litex-boards/litex_boards/targets/socmel_1/build/sipeed_tang_primer_20k_socmel_1/gateware/sipeed_tang_primer_20k_socmel_1.v":1701)
WARN  (EX3780) : Using initial value of 'basesoc_ethcore_ip_tx_liteethipv4checksum7' since it is never assigned("/home/alberto/socmel_1/litex-boards/litex_boards/targets/socmel_1/build/sipeed_tang_primer_20k_socmel_1/gateware/sipeed_tang_primer_20k_socmel_1.v":1702)
WARN  (EX3780) : Using initial value of 'basesoc_ethcore_ip_tx_liteethipv4checksum8' since it is never assigned("/home/alberto/socmel_1/litex-boards/litex_boards/targets/socmel_1/build/sipeed_tang_primer_20k_socmel_1/gateware/sipeed_tang_primer_20k_socmel_1.v":1703)
WARN  (EX3780) : Using initial value of 'basesoc_ethcore_ip_tx_liteethipv4checksum_r' since it is never assigned("/home/alberto/socmel_1/litex-boards/litex_boards/targets/socmel_1/build/sipeed_tang_primer_20k_socmel_1/gateware/sipeed_tang_primer_20k_socmel_1.v":1708)
WARN  (EX3780) : Using initial value of 'basesoc_ethcore_ip_tx_packetizer_sink_payload_error' since it is never assigned("/home/alberto/socmel_1/litex-boards/litex_boards/targets/socmel_1/build/sipeed_tang_primer_20k_socmel_1/gateware/sipeed_tang_primer_20k_socmel_1.v":1755)
WARN  (EX3780) : Using initial value of 'basesoc_ethcore_ip_tx_packetizer_source_first' since it is never assigned("/home/alberto/socmel_1/litex-boards/litex_boards/targets/socmel_1/build/sipeed_tang_primer_20k_socmel_1/gateware/sipeed_tang_primer_20k_socmel_1.v":1759)
WARN  (EX3780) : Using initial value of 'basesoc_ethcore_ip_tx_packetizer_source_payload_ethernet_type' since it is never assigned("/home/alberto/socmel_1/litex-boards/litex_boards/targets/socmel_1/build/sipeed_tang_primer_20k_socmel_1/gateware/sipeed_tang_primer_20k_socmel_1.v":1766)
WARN  (EX3780) : Using initial value of 'basesoc_ethcore_ip_tx_packetizer_source_payload_sender_mac' since it is never assigned("/home/alberto/socmel_1/litex-boards/litex_boards/targets/socmel_1/build/sipeed_tang_primer_20k_socmel_1/gateware/sipeed_tang_primer_20k_socmel_1.v":1768)
WARN  (EX3780) : Using initial value of 'basesoc_ethcore_ip_tx_packetizer_source_payload_target_mac' since it is never assigned("/home/alberto/socmel_1/litex-boards/litex_boards/targets/socmel_1/build/sipeed_tang_primer_20k_socmel_1/gateware/sipeed_tang_primer_20k_socmel_1.v":1769)
WARN  (EX3780) : Using initial value of 'basesoc_ethcore_mac_core_liteethmaccrc32checker_syncfifo_replace' since it is never assigned("/home/alberto/socmel_1/litex-boards/litex_boards/targets/socmel_1/build/sipeed_tang_primer_20k_socmel_1/gateware/sipeed_tang_primer_20k_socmel_1.v":1971)
WARN  (EX3780) : Using initial value of 'basesoc_ethcore_mac_core_rx_preamble_preamble' since it is never assigned("/home/alberto/socmel_1/litex-boards/litex_boards/targets/socmel_1/build/sipeed_tang_primer_20k_socmel_1/gateware/sipeed_tang_primer_20k_socmel_1.v":2022)
WARN  (EX3780) : Using initial value of 'basesoc_ethcore_mac_core_tx_preamble_preamble' since it is never assigned("/home/alberto/socmel_1/litex-boards/litex_boards/targets/socmel_1/build/sipeed_tang_primer_20k_socmel_1/gateware/sipeed_tang_primer_20k_socmel_1.v":2230)
WARN  (EX3780) : Using initial value of 'basesoc_ethcore_mac_depacketizer_sink_d_last' since it is never assigned("/home/alberto/socmel_1/litex-boards/litex_boards/targets/socmel_1/build/sipeed_tang_primer_20k_socmel_1/gateware/sipeed_tang_primer_20k_socmel_1.v":2281)
WARN  (EX3780) : Using initial value of 'basesoc_ethcore_mac_depacketizer_source_first' since it is never assigned("/home/alberto/socmel_1/litex-boards/litex_boards/targets/socmel_1/build/sipeed_tang_primer_20k_socmel_1/gateware/sipeed_tang_primer_20k_socmel_1.v":2290)
WARN  (EX3780) : Using initial value of 'basesoc_ethcore_mac_depacketizer_sr_shift_leftover' since it is never assigned("/home/alberto/socmel_1/litex-boards/litex_boards/targets/socmel_1/build/sipeed_tang_primer_20k_socmel_1/gateware/sipeed_tang_primer_20k_socmel_1.v":2305)
WARN  (EX3780) : Using initial value of 'basesoc_ethcore_mac_packetizer_source_first' since it is never assigned("/home/alberto/socmel_1/litex-boards/litex_boards/targets/socmel_1/build/sipeed_tang_primer_20k_socmel_1/gateware/sipeed_tang_primer_20k_socmel_1.v":2333)
WARN  (EX3780) : Using initial value of 'basesoc_ethcore_rx_depacketizer_sink_d_last' since it is never assigned("/home/alberto/socmel_1/litex-boards/litex_boards/targets/socmel_1/build/sipeed_tang_primer_20k_socmel_1/gateware/sipeed_tang_primer_20k_socmel_1.v":2365)
WARN  (EX3780) : Using initial value of 'basesoc_ethcore_rx_depacketizer_sr_shift_leftover' since it is never assigned("/home/alberto/socmel_1/litex-boards/litex_boards/targets/socmel_1/build/sipeed_tang_primer_20k_socmel_1/gateware/sipeed_tang_primer_20k_socmel_1.v":2392)
WARN  (EX3780) : Using initial value of 'basesoc_ethcore_rx_source_source_first' since it is never assigned("/home/alberto/socmel_1/litex-boards/litex_boards/targets/socmel_1/build/sipeed_tang_primer_20k_socmel_1/gateware/sipeed_tang_primer_20k_socmel_1.v":2404)
WARN  (EX3780) : Using initial value of 'basesoc_ethcore_tx_packetizer_sink_payload_error' since it is never assigned("/home/alberto/socmel_1/litex-boards/litex_boards/targets/socmel_1/build/sipeed_tang_primer_20k_socmel_1/gateware/sipeed_tang_primer_20k_socmel_1.v":2437)
WARN  (EX3780) : Using initial value of 'basesoc_ethcore_tx_packetizer_source_first' since it is never assigned("/home/alberto/socmel_1/litex-boards/litex_boards/targets/socmel_1/build/sipeed_tang_primer_20k_socmel_1/gateware/sipeed_tang_primer_20k_socmel_1.v":2441)
WARN  (EX3780) : Using initial value of 'basesoc_ethcore_tx_packetizer_source_param_ip_address' since it is never assigned("/home/alberto/socmel_1/litex-boards/litex_boards/targets/socmel_1/build/sipeed_tang_primer_20k_socmel_1/gateware/sipeed_tang_primer_20k_socmel_1.v":2446)
WARN  (EX3780) : Using initial value of 'basesoc_ethcore_tx_packetizer_source_param_length' since it is never assigned("/home/alberto/socmel_1/litex-boards/litex_boards/targets/socmel_1/build/sipeed_tang_primer_20k_socmel_1/gateware/sipeed_tang_primer_20k_socmel_1.v":2447)
WARN  (EX3780) : Using initial value of 'basesoc_ethcore_tx_packetizer_source_param_protocol' since it is never assigned("/home/alberto/socmel_1/litex-boards/litex_boards/targets/socmel_1/build/sipeed_tang_primer_20k_socmel_1/gateware/sipeed_tang_primer_20k_socmel_1.v":2448)
WARN  (EX3780) : Using initial value of 'basesoc_etherbone_liteethetherbonewishbonemaster_bus_bte' since it is never assigned("/home/alberto/socmel_1/litex-boards/litex_boards/targets/socmel_1/build/sipeed_tang_primer_20k_socmel_1/gateware/sipeed_tang_primer_20k_socmel_1.v":2510)
WARN  (EX3780) : Using initial value of 'basesoc_etherbone_liteethetherbonewishbonemaster_bus_cti' since it is never assigned("/home/alberto/socmel_1/litex-boards/litex_boards/targets/socmel_1/build/sipeed_tang_primer_20k_socmel_1/gateware/sipeed_tang_primer_20k_socmel_1.v":2511)
WARN  (EX3780) : Using initial value of 'basesoc_etherbone_liteethetherbonewishbonemaster_source_first' since it is never assigned("/home/alberto/socmel_1/litex-boards/litex_boards/targets/socmel_1/build/sipeed_tang_primer_20k_socmel_1/gateware/sipeed_tang_primer_20k_socmel_1.v":2531)
WARN  (EX3780) : Using initial value of 'basesoc_etherbone_probe_param_fifo_replace' since it is never assigned("/home/alberto/socmel_1/litex-boards/litex_boards/targets/socmel_1/build/sipeed_tang_primer_20k_socmel_1/gateware/sipeed_tang_primer_20k_socmel_1.v":2570)
WARN  (EX3780) : Using initial value of 'basesoc_etherbone_probe_param_fifo_sink_first' since it is never assigned("/home/alberto/socmel_1/litex-boards/litex_boards/targets/socmel_1/build/sipeed_tang_primer_20k_socmel_1/gateware/sipeed_tang_primer_20k_socmel_1.v":2571)
WARN  (EX3780) : Using initial value of 'basesoc_etherbone_probe_param_fifo_sink_last' since it is never assigned("/home/alberto/socmel_1/litex-boards/litex_boards/targets/socmel_1/build/sipeed_tang_primer_20k_socmel_1/gateware/sipeed_tang_primer_20k_socmel_1.v":2572)
WARN  (EX3780) : Using initial value of 'basesoc_etherbone_probe_sink_sink_first1' since it is never assigned("/home/alberto/socmel_1/litex-boards/litex_boards/targets/socmel_1/build/sipeed_tang_primer_20k_socmel_1/gateware/sipeed_tang_primer_20k_socmel_1.v":2637)
WARN  (EX3780) : Using initial value of 'basesoc_etherbone_record_depacketizer_sink_d_last' since it is never assigned("/home/alberto/socmel_1/litex-boards/litex_boards/targets/socmel_1/build/sipeed_tang_primer_20k_socmel_1/gateware/sipeed_tang_primer_20k_socmel_1.v":2715)
WARN  (EX3780) : Using initial value of 'basesoc_etherbone_record_depacketizer_source_first' since it is never assigned("/home/alberto/socmel_1/litex-boards/litex_boards/targets/socmel_1/build/sipeed_tang_primer_20k_socmel_1/gateware/sipeed_tang_primer_20k_socmel_1.v":2732)
WARN  (EX3780) : Using initial value of 'basesoc_etherbone_record_packetizer_source_first' since it is never assigned("/home/alberto/socmel_1/litex-boards/litex_boards/targets/socmel_1/build/sipeed_tang_primer_20k_socmel_1/gateware/sipeed_tang_primer_20k_socmel_1.v":2787)
WARN  (EX3780) : Using initial value of 'basesoc_etherbone_record_packetizer_source_param_addr_size' since it is never assigned("/home/alberto/socmel_1/litex-boards/litex_boards/targets/socmel_1/build/sipeed_tang_primer_20k_socmel_1/gateware/sipeed_tang_primer_20k_socmel_1.v":2792)
WARN  (EX3780) : Using initial value of 'basesoc_etherbone_record_packetizer_source_param_dst_port' since it is never assigned("/home/alberto/socmel_1/litex-boards/litex_boards/targets/socmel_1/build/sipeed_tang_primer_20k_socmel_1/gateware/sipeed_tang_primer_20k_socmel_1.v":2793)
WARN  (EX3780) : Using initial value of 'basesoc_etherbone_record_packetizer_source_param_ip_address' since it is never assigned("/home/alberto/socmel_1/litex-boards/litex_boards/targets/socmel_1/build/sipeed_tang_primer_20k_socmel_1/gateware/sipeed_tang_primer_20k_socmel_1.v":2794)
WARN  (EX3780) : Using initial value of 'basesoc_etherbone_record_packetizer_source_param_length' since it is never assigned("/home/alberto/socmel_1/litex-boards/litex_boards/targets/socmel_1/build/sipeed_tang_primer_20k_socmel_1/gateware/sipeed_tang_primer_20k_socmel_1.v":2795)
WARN  (EX3780) : Using initial value of 'basesoc_etherbone_record_packetizer_source_param_nr' since it is never assigned("/home/alberto/socmel_1/litex-boards/litex_boards/targets/socmel_1/build/sipeed_tang_primer_20k_socmel_1/gateware/sipeed_tang_primer_20k_socmel_1.v":2796)
WARN  (EX3780) : Using initial value of 'basesoc_etherbone_record_packetizer_source_param_pf' since it is never assigned("/home/alberto/socmel_1/litex-boards/litex_boards/targets/socmel_1/build/sipeed_tang_primer_20k_socmel_1/gateware/sipeed_tang_primer_20k_socmel_1.v":2797)
WARN  (EX3780) : Using initial value of 'basesoc_etherbone_record_packetizer_source_param_port_size' since it is never assigned("/home/alberto/socmel_1/litex-boards/litex_boards/targets/socmel_1/build/sipeed_tang_primer_20k_socmel_1/gateware/sipeed_tang_primer_20k_socmel_1.v":2798)
WARN  (EX3780) : Using initial value of 'basesoc_etherbone_record_packetizer_source_param_pr' since it is never assigned("/home/alberto/socmel_1/litex-boards/litex_boards/targets/socmel_1/build/sipeed_tang_primer_20k_socmel_1/gateware/sipeed_tang_primer_20k_socmel_1.v":2799)
WARN  (EX3780) : Using initial value of 'basesoc_etherbone_record_packetizer_source_param_src_port' since it is never assigned("/home/alberto/socmel_1/litex-boards/litex_boards/targets/socmel_1/build/sipeed_tang_primer_20k_socmel_1/gateware/sipeed_tang_primer_20k_socmel_1.v":2800)
WARN  (EX3780) : Using initial value of 'basesoc_etherbone_record_receiver_param_fifo_replace' since it is never assigned("/home/alberto/socmel_1/litex-boards/litex_boards/targets/socmel_1/build/sipeed_tang_primer_20k_socmel_1/gateware/sipeed_tang_primer_20k_socmel_1.v":2846)
WARN  (EX3780) : Using initial value of 'basesoc_etherbone_record_receiver_param_fifo_sink_first' since it is never assigned("/home/alberto/socmel_1/litex-boards/litex_boards/targets/socmel_1/build/sipeed_tang_primer_20k_socmel_1/gateware/sipeed_tang_primer_20k_socmel_1.v":2847)
WARN  (EX3780) : Using initial value of 'basesoc_etherbone_record_receiver_param_fifo_sink_last' since it is never assigned("/home/alberto/socmel_1/litex-boards/litex_boards/targets/socmel_1/build/sipeed_tang_primer_20k_socmel_1/gateware/sipeed_tang_primer_20k_socmel_1.v":2848)
WARN  (EX3780) : Using initial value of 'basesoc_etherbone_record_receiver_payload_fifo_replace' since it is never assigned("/home/alberto/socmel_1/litex-boards/litex_boards/targets/socmel_1/build/sipeed_tang_primer_20k_socmel_1/gateware/sipeed_tang_primer_20k_socmel_1.v":2903)
WARN  (EX3780) : Using initial value of 'basesoc_etherbone_record_receiver_payload_fifo_sink_first' since it is never assigned("/home/alberto/socmel_1/litex-boards/litex_boards/targets/socmel_1/build/sipeed_tang_primer_20k_socmel_1/gateware/sipeed_tang_primer_20k_socmel_1.v":2904)
WARN  (EX3780) : Using initial value of 'basesoc_etherbone_record_receiver_source_first' since it is never assigned("/home/alberto/socmel_1/litex-boards/litex_boards/targets/socmel_1/build/sipeed_tang_primer_20k_socmel_1/gateware/sipeed_tang_primer_20k_socmel_1.v":2960)
WARN  (EX3780) : Using initial value of 'basesoc_etherbone_record_sender_param_fifo_replace' since it is never assigned("/home/alberto/socmel_1/litex-boards/litex_boards/targets/socmel_1/build/sipeed_tang_primer_20k_socmel_1/gateware/sipeed_tang_primer_20k_socmel_1.v":3009)
WARN  (EX3780) : Using initial value of 'basesoc_etherbone_record_sender_param_fifo_sink_first' since it is never assigned("/home/alberto/socmel_1/litex-boards/litex_boards/targets/socmel_1/build/sipeed_tang_primer_20k_socmel_1/gateware/sipeed_tang_primer_20k_socmel_1.v":3010)
WARN  (EX3780) : Using initial value of 'basesoc_etherbone_record_sender_param_fifo_sink_last' since it is never assigned("/home/alberto/socmel_1/litex-boards/litex_boards/targets/socmel_1/build/sipeed_tang_primer_20k_socmel_1/gateware/sipeed_tang_primer_20k_socmel_1.v":3011)
WARN  (EX3780) : Using initial value of 'basesoc_etherbone_record_sender_payload_fifo_replace' since it is never assigned("/home/alberto/socmel_1/litex-boards/litex_boards/targets/socmel_1/build/sipeed_tang_primer_20k_socmel_1/gateware/sipeed_tang_primer_20k_socmel_1.v":3056)
WARN  (EX3780) : Using initial value of 'basesoc_etherbone_record_sender_payload_fifo_sink_first' since it is never assigned("/home/alberto/socmel_1/litex-boards/litex_boards/targets/socmel_1/build/sipeed_tang_primer_20k_socmel_1/gateware/sipeed_tang_primer_20k_socmel_1.v":3057)
WARN  (EX3780) : Using initial value of 'basesoc_etherbone_record_sender_source_first' since it is never assigned("/home/alberto/socmel_1/litex-boards/litex_boards/targets/socmel_1/build/sipeed_tang_primer_20k_socmel_1/gateware/sipeed_tang_primer_20k_socmel_1.v":3103)
WARN  (EX3780) : Using initial value of 'basesoc_etherbone_record_sender_source_param_bca' since it is never assigned("/home/alberto/socmel_1/litex-boards/litex_boards/targets/socmel_1/build/sipeed_tang_primer_20k_socmel_1/gateware/sipeed_tang_primer_20k_socmel_1.v":3105)
WARN  (EX3780) : Using initial value of 'basesoc_etherbone_record_sender_source_param_cyc' since it is never assigned("/home/alberto/socmel_1/litex-boards/litex_boards/targets/socmel_1/build/sipeed_tang_primer_20k_socmel_1/gateware/sipeed_tang_primer_20k_socmel_1.v":3107)
WARN  (EX3780) : Using initial value of 'basesoc_etherbone_record_sender_source_param_rca' since it is never assigned("/home/alberto/socmel_1/litex-boards/litex_boards/targets/socmel_1/build/sipeed_tang_primer_20k_socmel_1/gateware/sipeed_tang_primer_20k_socmel_1.v":3108)
WARN  (EX3780) : Using initial value of 'basesoc_etherbone_record_sender_source_param_rff' since it is never assigned("/home/alberto/socmel_1/litex-boards/litex_boards/targets/socmel_1/build/sipeed_tang_primer_20k_socmel_1/gateware/sipeed_tang_primer_20k_socmel_1.v":3110)
WARN  (EX3780) : Using initial value of 'basesoc_etherbone_record_sender_source_param_wca' since it is never assigned("/home/alberto/socmel_1/litex-boards/litex_boards/targets/socmel_1/build/sipeed_tang_primer_20k_socmel_1/gateware/sipeed_tang_primer_20k_socmel_1.v":3111)
WARN  (EX3780) : Using initial value of 'basesoc_etherbone_record_sender_source_param_wff' since it is never assigned("/home/alberto/socmel_1/litex-boards/litex_boards/targets/socmel_1/build/sipeed_tang_primer_20k_socmel_1/gateware/sipeed_tang_primer_20k_socmel_1.v":3113)
WARN  (EX3780) : Using initial value of 'basesoc_etherbone_record_sender_source_payload_error' since it is never assigned("/home/alberto/socmel_1/litex-boards/litex_boards/targets/socmel_1/build/sipeed_tang_primer_20k_socmel_1/gateware/sipeed_tang_primer_20k_socmel_1.v":3115)
WARN  (EX3780) : Using initial value of 'basesoc_etherbone_rx_depacketizer_sink_d_last' since it is never assigned("/home/alberto/socmel_1/litex-boards/litex_boards/targets/socmel_1/build/sipeed_tang_primer_20k_socmel_1/gateware/sipeed_tang_primer_20k_socmel_1.v":3306)
WARN  (EX3780) : Using initial value of 'basesoc_etherbone_rx_depacketizer_sr_shift_leftover' since it is never assigned("/home/alberto/socmel_1/litex-boards/litex_boards/targets/socmel_1/build/sipeed_tang_primer_20k_socmel_1/gateware/sipeed_tang_primer_20k_socmel_1.v":3336)
WARN  (EX3780) : Using initial value of 'basesoc_etherbone_rx_source_source_first' since it is never assigned("/home/alberto/socmel_1/litex-boards/litex_boards/targets/socmel_1/build/sipeed_tang_primer_20k_socmel_1/gateware/sipeed_tang_primer_20k_socmel_1.v":3349)
WARN  (EX3780) : Using initial value of 'basesoc_etherbone_rx_source_source_param_addr_size' since it is never assigned("/home/alberto/socmel_1/litex-boards/litex_boards/targets/socmel_1/build/sipeed_tang_primer_20k_socmel_1/gateware/sipeed_tang_primer_20k_socmel_1.v":3351)
WARN  (EX3780) : Using initial value of 'basesoc_etherbone_rx_source_source_param_port_size' since it is never assigned("/home/alberto/socmel_1/litex-boards/litex_boards/targets/socmel_1/build/sipeed_tang_primer_20k_socmel_1/gateware/sipeed_tang_primer_20k_socmel_1.v":3357)
WARN  (EX3780) : Using initial value of 'basesoc_etherbone_rx_source_source_payload_error' since it is never assigned("/home/alberto/socmel_1/litex-boards/litex_boards/targets/socmel_1/build/sipeed_tang_primer_20k_socmel_1/gateware/sipeed_tang_primer_20k_socmel_1.v":3361)
WARN  (EX3780) : Using initial value of 'basesoc_etherbone_tx_packetizer_sink_payload_error' since it is never assigned("/home/alberto/socmel_1/litex-boards/litex_boards/targets/socmel_1/build/sipeed_tang_primer_20k_socmel_1/gateware/sipeed_tang_primer_20k_socmel_1.v":3524)
WARN  (EX3780) : Using initial value of 'basesoc_etherbone_tx_packetizer_source_first' since it is never assigned("/home/alberto/socmel_1/litex-boards/litex_boards/targets/socmel_1/build/sipeed_tang_primer_20k_socmel_1/gateware/sipeed_tang_primer_20k_socmel_1.v":3528)
WARN  (EX3780) : Using initial value of 'basesoc_etherbone_tx_packetizer_source_param_dst_port' since it is never assigned("/home/alberto/socmel_1/litex-boards/litex_boards/targets/socmel_1/build/sipeed_tang_primer_20k_socmel_1/gateware/sipeed_tang_primer_20k_socmel_1.v":3533)
WARN  (EX3780) : Using initial value of 'basesoc_etherbone_tx_packetizer_source_param_ip_address' since it is never assigned("/home/alberto/socmel_1/litex-boards/litex_boards/targets/socmel_1/build/sipeed_tang_primer_20k_socmel_1/gateware/sipeed_tang_primer_20k_socmel_1.v":3534)
WARN  (EX3780) : Using initial value of 'basesoc_etherbone_tx_packetizer_source_param_length' since it is never assigned("/home/alberto/socmel_1/litex-boards/litex_boards/targets/socmel_1/build/sipeed_tang_primer_20k_socmel_1/gateware/sipeed_tang_primer_20k_socmel_1.v":3535)
WARN  (EX3780) : Using initial value of 'basesoc_etherbone_tx_packetizer_source_param_src_port' since it is never assigned("/home/alberto/socmel_1/litex-boards/litex_boards/targets/socmel_1/build/sipeed_tang_primer_20k_socmel_1/gateware/sipeed_tang_primer_20k_socmel_1.v":3536)
WARN  (EX3780) : Using initial value of 'basesoc_sdram_bankmachine0_replace' since it is never assigned("/home/alberto/socmel_1/litex-boards/litex_boards/targets/socmel_1/build/sipeed_tang_primer_20k_socmel_1/gateware/sipeed_tang_primer_20k_socmel_1.v":3677)
WARN  (EX3780) : Using initial value of 'basesoc_sdram_bankmachine0_sink_first' since it is never assigned("/home/alberto/socmel_1/litex-boards/litex_boards/targets/socmel_1/build/sipeed_tang_primer_20k_socmel_1/gateware/sipeed_tang_primer_20k_socmel_1.v":3691)
WARN  (EX3780) : Using initial value of 'basesoc_sdram_bankmachine0_sink_last' since it is never assigned("/home/alberto/socmel_1/litex-boards/litex_boards/targets/socmel_1/build/sipeed_tang_primer_20k_socmel_1/gateware/sipeed_tang_primer_20k_socmel_1.v":3692)
WARN  (EX3780) : Using initial value of 'basesoc_sdram_bankmachine1_replace' since it is never assigned("/home/alberto/socmel_1/litex-boards/litex_boards/targets/socmel_1/build/sipeed_tang_primer_20k_socmel_1/gateware/sipeed_tang_primer_20k_socmel_1.v":3773)
WARN  (EX3780) : Using initial value of 'basesoc_sdram_bankmachine1_sink_first' since it is never assigned("/home/alberto/socmel_1/litex-boards/litex_boards/targets/socmel_1/build/sipeed_tang_primer_20k_socmel_1/gateware/sipeed_tang_primer_20k_socmel_1.v":3787)
WARN  (EX3780) : Using initial value of 'basesoc_sdram_bankmachine1_sink_last' since it is never assigned("/home/alberto/socmel_1/litex-boards/litex_boards/targets/socmel_1/build/sipeed_tang_primer_20k_socmel_1/gateware/sipeed_tang_primer_20k_socmel_1.v":3788)
WARN  (EX3780) : Using initial value of 'basesoc_sdram_bankmachine2_replace' since it is never assigned("/home/alberto/socmel_1/litex-boards/litex_boards/targets/socmel_1/build/sipeed_tang_primer_20k_socmel_1/gateware/sipeed_tang_primer_20k_socmel_1.v":3869)
WARN  (EX3780) : Using initial value of 'basesoc_sdram_bankmachine2_sink_first' since it is never assigned("/home/alberto/socmel_1/litex-boards/litex_boards/targets/socmel_1/build/sipeed_tang_primer_20k_socmel_1/gateware/sipeed_tang_primer_20k_socmel_1.v":3883)
WARN  (EX3780) : Using initial value of 'basesoc_sdram_bankmachine2_sink_last' since it is never assigned("/home/alberto/socmel_1/litex-boards/litex_boards/targets/socmel_1/build/sipeed_tang_primer_20k_socmel_1/gateware/sipeed_tang_primer_20k_socmel_1.v":3884)
WARN  (EX3780) : Using initial value of 'basesoc_sdram_bankmachine3_replace' since it is never assigned("/home/alberto/socmel_1/litex-boards/litex_boards/targets/socmel_1/build/sipeed_tang_primer_20k_socmel_1/gateware/sipeed_tang_primer_20k_socmel_1.v":3965)
WARN  (EX3780) : Using initial value of 'basesoc_sdram_bankmachine3_sink_first' since it is never assigned("/home/alberto/socmel_1/litex-boards/litex_boards/targets/socmel_1/build/sipeed_tang_primer_20k_socmel_1/gateware/sipeed_tang_primer_20k_socmel_1.v":3979)
WARN  (EX3780) : Using initial value of 'basesoc_sdram_bankmachine3_sink_last' since it is never assigned("/home/alberto/socmel_1/litex-boards/litex_boards/targets/socmel_1/build/sipeed_tang_primer_20k_socmel_1/gateware/sipeed_tang_primer_20k_socmel_1.v":3980)
WARN  (EX3780) : Using initial value of 'basesoc_sdram_bankmachine4_replace' since it is never assigned("/home/alberto/socmel_1/litex-boards/litex_boards/targets/socmel_1/build/sipeed_tang_primer_20k_socmel_1/gateware/sipeed_tang_primer_20k_socmel_1.v":4061)
WARN  (EX3780) : Using initial value of 'basesoc_sdram_bankmachine4_sink_first' since it is never assigned("/home/alberto/socmel_1/litex-boards/litex_boards/targets/socmel_1/build/sipeed_tang_primer_20k_socmel_1/gateware/sipeed_tang_primer_20k_socmel_1.v":4075)
WARN  (EX3780) : Using initial value of 'basesoc_sdram_bankmachine4_sink_last' since it is never assigned("/home/alberto/socmel_1/litex-boards/litex_boards/targets/socmel_1/build/sipeed_tang_primer_20k_socmel_1/gateware/sipeed_tang_primer_20k_socmel_1.v":4076)
WARN  (EX3780) : Using initial value of 'basesoc_sdram_bankmachine5_replace' since it is never assigned("/home/alberto/socmel_1/litex-boards/litex_boards/targets/socmel_1/build/sipeed_tang_primer_20k_socmel_1/gateware/sipeed_tang_primer_20k_socmel_1.v":4157)
WARN  (EX3780) : Using initial value of 'basesoc_sdram_bankmachine5_sink_first' since it is never assigned("/home/alberto/socmel_1/litex-boards/litex_boards/targets/socmel_1/build/sipeed_tang_primer_20k_socmel_1/gateware/sipeed_tang_primer_20k_socmel_1.v":4171)
WARN  (EX3780) : Using initial value of 'basesoc_sdram_bankmachine5_sink_last' since it is never assigned("/home/alberto/socmel_1/litex-boards/litex_boards/targets/socmel_1/build/sipeed_tang_primer_20k_socmel_1/gateware/sipeed_tang_primer_20k_socmel_1.v":4172)
WARN  (EX3780) : Using initial value of 'basesoc_sdram_bankmachine6_replace' since it is never assigned("/home/alberto/socmel_1/litex-boards/litex_boards/targets/socmel_1/build/sipeed_tang_primer_20k_socmel_1/gateware/sipeed_tang_primer_20k_socmel_1.v":4253)
WARN  (EX3780) : Using initial value of 'basesoc_sdram_bankmachine6_sink_first' since it is never assigned("/home/alberto/socmel_1/litex-boards/litex_boards/targets/socmel_1/build/sipeed_tang_primer_20k_socmel_1/gateware/sipeed_tang_primer_20k_socmel_1.v":4267)
WARN  (EX3780) : Using initial value of 'basesoc_sdram_bankmachine6_sink_last' since it is never assigned("/home/alberto/socmel_1/litex-boards/litex_boards/targets/socmel_1/build/sipeed_tang_primer_20k_socmel_1/gateware/sipeed_tang_primer_20k_socmel_1.v":4268)
WARN  (EX3780) : Using initial value of 'basesoc_sdram_bankmachine7_replace' since it is never assigned("/home/alberto/socmel_1/litex-boards/litex_boards/targets/socmel_1/build/sipeed_tang_primer_20k_socmel_1/gateware/sipeed_tang_primer_20k_socmel_1.v":4349)
WARN  (EX3780) : Using initial value of 'basesoc_sdram_bankmachine7_sink_first' since it is never assigned("/home/alberto/socmel_1/litex-boards/litex_boards/targets/socmel_1/build/sipeed_tang_primer_20k_socmel_1/gateware/sipeed_tang_primer_20k_socmel_1.v":4363)
WARN  (EX3780) : Using initial value of 'basesoc_sdram_bankmachine7_sink_last' since it is never assigned("/home/alberto/socmel_1/litex-boards/litex_boards/targets/socmel_1/build/sipeed_tang_primer_20k_socmel_1/gateware/sipeed_tang_primer_20k_socmel_1.v":4364)
WARN  (EX3780) : Using initial value of 'basesoc_sdram_choose_cmd_want_cmds' since it is never assigned("/home/alberto/socmel_1/litex-boards/litex_boards/targets/socmel_1/build/sipeed_tang_primer_20k_socmel_1/gateware/sipeed_tang_primer_20k_socmel_1.v":4422)
WARN  (EX3780) : Using initial value of 'basesoc_sdram_choose_cmd_want_reads' since it is never assigned("/home/alberto/socmel_1/litex-boards/litex_boards/targets/socmel_1/build/sipeed_tang_primer_20k_socmel_1/gateware/sipeed_tang_primer_20k_socmel_1.v":4423)
WARN  (EX3780) : Using initial value of 'basesoc_sdram_choose_cmd_want_writes' since it is never assigned("/home/alberto/socmel_1/litex-boards/litex_boards/targets/socmel_1/build/sipeed_tang_primer_20k_socmel_1/gateware/sipeed_tang_primer_20k_socmel_1.v":4424)
WARN  (EX3780) : Using initial value of 'basesoc_sdram_choose_req_want_activates' since it is never assigned("/home/alberto/socmel_1/litex-boards/litex_boards/targets/socmel_1/build/sipeed_tang_primer_20k_socmel_1/gateware/sipeed_tang_primer_20k_socmel_1.v":4439)
WARN  (EX3780) : Using initial value of 'basesoc_sdram_choose_req_want_cmds' since it is never assigned("/home/alberto/socmel_1/litex-boards/litex_boards/targets/socmel_1/build/sipeed_tang_primer_20k_socmel_1/gateware/sipeed_tang_primer_20k_socmel_1.v":4440)
WARN  (EX3780) : Using initial value of 'basesoc_sdram_cmd_payload_is_read' since it is never assigned("/home/alberto/socmel_1/litex-boards/litex_boards/targets/socmel_1/build/sipeed_tang_primer_20k_socmel_1/gateware/sipeed_tang_primer_20k_socmel_1.v":4448)
WARN  (EX3780) : Using initial value of 'basesoc_sdram_cmd_payload_is_write' since it is never assigned("/home/alberto/socmel_1/litex-boards/litex_boards/targets/socmel_1/build/sipeed_tang_primer_20k_socmel_1/gateware/sipeed_tang_primer_20k_socmel_1.v":4449)
WARN  (EX3780) : Using initial value of 'basesoc_sdram_csr_dfi_p0_act_n' since it is never assigned("/home/alberto/socmel_1/litex-boards/litex_boards/targets/socmel_1/build/sipeed_tang_primer_20k_socmel_1/gateware/sipeed_tang_primer_20k_socmel_1.v":4454)
WARN  (EX3780) : Using initial value of 'basesoc_sdram_csr_dfi_p1_act_n' since it is never assigned("/home/alberto/socmel_1/litex-boards/litex_boards/targets/socmel_1/build/sipeed_tang_primer_20k_socmel_1/gateware/sipeed_tang_primer_20k_socmel_1.v":4470)
WARN  (EX3780) : Using initial value of 'basesoc_sdram_dfi_p0_act_n' since it is never assigned("/home/alberto/socmel_1/litex-boards/litex_boards/targets/socmel_1/build/sipeed_tang_primer_20k_socmel_1/gateware/sipeed_tang_primer_20k_socmel_1.v":4486)
WARN  (EX3780) : Using initial value of 'basesoc_sdram_dfi_p1_act_n' since it is never assigned("/home/alberto/socmel_1/litex-boards/litex_boards/targets/socmel_1/build/sipeed_tang_primer_20k_socmel_1/gateware/sipeed_tang_primer_20k_socmel_1.v":4502)
WARN  (EX3780) : Using initial value of 'basesoc_sdram_ext_dfi_p0_act_n' since it is never assigned("/home/alberto/socmel_1/litex-boards/litex_boards/targets/socmel_1/build/sipeed_tang_primer_20k_socmel_1/gateware/sipeed_tang_primer_20k_socmel_1.v":4520)
WARN  (EX3780) : Using initial value of 'basesoc_sdram_ext_dfi_p0_address' since it is never assigned("/home/alberto/socmel_1/litex-boards/litex_boards/targets/socmel_1/build/sipeed_tang_primer_20k_socmel_1/gateware/sipeed_tang_primer_20k_socmel_1.v":4521)
WARN  (EX3780) : Using initial value of 'basesoc_sdram_ext_dfi_p0_bank' since it is never assigned("/home/alberto/socmel_1/litex-boards/litex_boards/targets/socmel_1/build/sipeed_tang_primer_20k_socmel_1/gateware/sipeed_tang_primer_20k_socmel_1.v":4522)
WARN  (EX3780) : Using initial value of 'basesoc_sdram_ext_dfi_p0_cas_n' since it is never assigned("/home/alberto/socmel_1/litex-boards/litex_boards/targets/socmel_1/build/sipeed_tang_primer_20k_socmel_1/gateware/sipeed_tang_primer_20k_socmel_1.v":4523)
WARN  (EX3780) : Using initial value of 'basesoc_sdram_ext_dfi_p0_cke' since it is never assigned("/home/alberto/socmel_1/litex-boards/litex_boards/targets/socmel_1/build/sipeed_tang_primer_20k_socmel_1/gateware/sipeed_tang_primer_20k_socmel_1.v":4524)
WARN  (EX3780) : Using initial value of 'basesoc_sdram_ext_dfi_p0_cs_n' since it is never assigned("/home/alberto/socmel_1/litex-boards/litex_boards/targets/socmel_1/build/sipeed_tang_primer_20k_socmel_1/gateware/sipeed_tang_primer_20k_socmel_1.v":4525)
WARN  (EX3780) : Using initial value of 'basesoc_sdram_ext_dfi_p0_odt' since it is never assigned("/home/alberto/socmel_1/litex-boards/litex_boards/targets/socmel_1/build/sipeed_tang_primer_20k_socmel_1/gateware/sipeed_tang_primer_20k_socmel_1.v":4526)
WARN  (EX3780) : Using initial value of 'basesoc_sdram_ext_dfi_p0_ras_n' since it is never assigned("/home/alberto/socmel_1/litex-boards/litex_boards/targets/socmel_1/build/sipeed_tang_primer_20k_socmel_1/gateware/sipeed_tang_primer_20k_socmel_1.v":4527)
WARN  (EX3780) : Using initial value of 'basesoc_sdram_ext_dfi_p0_rddata_en' since it is never assigned("/home/alberto/socmel_1/litex-boards/litex_boards/targets/socmel_1/build/sipeed_tang_primer_20k_socmel_1/gateware/sipeed_tang_primer_20k_socmel_1.v":4529)
WARN  (EX3780) : Using initial value of 'basesoc_sdram_ext_dfi_p0_reset_n' since it is never assigned("/home/alberto/socmel_1/litex-boards/litex_boards/targets/socmel_1/build/sipeed_tang_primer_20k_socmel_1/gateware/sipeed_tang_primer_20k_socmel_1.v":4531)
WARN  (EX3780) : Using initial value of 'basesoc_sdram_ext_dfi_p0_we_n' since it is never assigned("/home/alberto/socmel_1/litex-boards/litex_boards/targets/socmel_1/build/sipeed_tang_primer_20k_socmel_1/gateware/sipeed_tang_primer_20k_socmel_1.v":4532)
WARN  (EX3780) : Using initial value of 'basesoc_sdram_ext_dfi_p0_wrdata' since it is never assigned("/home/alberto/socmel_1/litex-boards/litex_boards/targets/socmel_1/build/sipeed_tang_primer_20k_socmel_1/gateware/sipeed_tang_primer_20k_socmel_1.v":4533)
WARN  (EX3780) : Using initial value of 'basesoc_sdram_ext_dfi_p0_wrdata_en' since it is never assigned("/home/alberto/socmel_1/litex-boards/litex_boards/targets/socmel_1/build/sipeed_tang_primer_20k_socmel_1/gateware/sipeed_tang_primer_20k_socmel_1.v":4534)
WARN  (EX3780) : Using initial value of 'basesoc_sdram_ext_dfi_p0_wrdata_mask' since it is never assigned("/home/alberto/socmel_1/litex-boards/litex_boards/targets/socmel_1/build/sipeed_tang_primer_20k_socmel_1/gateware/sipeed_tang_primer_20k_socmel_1.v":4535)
WARN  (EX3780) : Using initial value of 'basesoc_sdram_ext_dfi_p1_act_n' since it is never assigned("/home/alberto/socmel_1/litex-boards/litex_boards/targets/socmel_1/build/sipeed_tang_primer_20k_socmel_1/gateware/sipeed_tang_primer_20k_socmel_1.v":4536)
WARN  (EX3780) : Using initial value of 'basesoc_sdram_ext_dfi_p1_address' since it is never assigned("/home/alberto/socmel_1/litex-boards/litex_boards/targets/socmel_1/build/sipeed_tang_primer_20k_socmel_1/gateware/sipeed_tang_primer_20k_socmel_1.v":4537)
WARN  (EX3780) : Using initial value of 'basesoc_sdram_ext_dfi_p1_bank' since it is never assigned("/home/alberto/socmel_1/litex-boards/litex_boards/targets/socmel_1/build/sipeed_tang_primer_20k_socmel_1/gateware/sipeed_tang_primer_20k_socmel_1.v":4538)
WARN  (EX3780) : Using initial value of 'basesoc_sdram_ext_dfi_p1_cas_n' since it is never assigned("/home/alberto/socmel_1/litex-boards/litex_boards/targets/socmel_1/build/sipeed_tang_primer_20k_socmel_1/gateware/sipeed_tang_primer_20k_socmel_1.v":4539)
WARN  (EX3780) : Using initial value of 'basesoc_sdram_ext_dfi_p1_cke' since it is never assigned("/home/alberto/socmel_1/litex-boards/litex_boards/targets/socmel_1/build/sipeed_tang_primer_20k_socmel_1/gateware/sipeed_tang_primer_20k_socmel_1.v":4540)
WARN  (EX3780) : Using initial value of 'basesoc_sdram_ext_dfi_p1_cs_n' since it is never assigned("/home/alberto/socmel_1/litex-boards/litex_boards/targets/socmel_1/build/sipeed_tang_primer_20k_socmel_1/gateware/sipeed_tang_primer_20k_socmel_1.v":4541)
WARN  (EX3780) : Using initial value of 'basesoc_sdram_ext_dfi_p1_odt' since it is never assigned("/home/alberto/socmel_1/litex-boards/litex_boards/targets/socmel_1/build/sipeed_tang_primer_20k_socmel_1/gateware/sipeed_tang_primer_20k_socmel_1.v":4542)
WARN  (EX3780) : Using initial value of 'basesoc_sdram_ext_dfi_p1_ras_n' since it is never assigned("/home/alberto/socmel_1/litex-boards/litex_boards/targets/socmel_1/build/sipeed_tang_primer_20k_socmel_1/gateware/sipeed_tang_primer_20k_socmel_1.v":4543)
WARN  (EX3780) : Using initial value of 'basesoc_sdram_ext_dfi_p1_rddata_en' since it is never assigned("/home/alberto/socmel_1/litex-boards/litex_boards/targets/socmel_1/build/sipeed_tang_primer_20k_socmel_1/gateware/sipeed_tang_primer_20k_socmel_1.v":4545)
WARN  (EX3780) : Using initial value of 'basesoc_sdram_ext_dfi_p1_reset_n' since it is never assigned("/home/alberto/socmel_1/litex-boards/litex_boards/targets/socmel_1/build/sipeed_tang_primer_20k_socmel_1/gateware/sipeed_tang_primer_20k_socmel_1.v":4547)
WARN  (EX3780) : Using initial value of 'basesoc_sdram_ext_dfi_p1_we_n' since it is never assigned("/home/alberto/socmel_1/litex-boards/litex_boards/targets/socmel_1/build/sipeed_tang_primer_20k_socmel_1/gateware/sipeed_tang_primer_20k_socmel_1.v":4548)
WARN  (EX3780) : Using initial value of 'basesoc_sdram_ext_dfi_p1_wrdata' since it is never assigned("/home/alberto/socmel_1/litex-boards/litex_boards/targets/socmel_1/build/sipeed_tang_primer_20k_socmel_1/gateware/sipeed_tang_primer_20k_socmel_1.v":4549)
WARN  (EX3780) : Using initial value of 'basesoc_sdram_ext_dfi_p1_wrdata_en' since it is never assigned("/home/alberto/socmel_1/litex-boards/litex_boards/targets/socmel_1/build/sipeed_tang_primer_20k_socmel_1/gateware/sipeed_tang_primer_20k_socmel_1.v":4550)
WARN  (EX3780) : Using initial value of 'basesoc_sdram_ext_dfi_p1_wrdata_mask' since it is never assigned("/home/alberto/socmel_1/litex-boards/litex_boards/targets/socmel_1/build/sipeed_tang_primer_20k_socmel_1/gateware/sipeed_tang_primer_20k_socmel_1.v":4551)
WARN  (EX3780) : Using initial value of 'basesoc_sdram_ext_dfi_sel' since it is never assigned("/home/alberto/socmel_1/litex-boards/litex_boards/targets/socmel_1/build/sipeed_tang_primer_20k_socmel_1/gateware/sipeed_tang_primer_20k_socmel_1.v":4552)
WARN  (EX3780) : Using initial value of 'basesoc_sdram_nop_a' since it is never assigned("/home/alberto/socmel_1/litex-boards/litex_boards/targets/socmel_1/build/sipeed_tang_primer_20k_socmel_1/gateware/sipeed_tang_primer_20k_socmel_1.v":4647)
WARN  (EX3780) : Using initial value of 'basesoc_sdram_nop_ba' since it is never assigned("/home/alberto/socmel_1/litex-boards/litex_boards/targets/socmel_1/build/sipeed_tang_primer_20k_socmel_1/gateware/sipeed_tang_primer_20k_socmel_1.v":4648)
WARN  (EX3780) : Using initial value of 'basesoc_sdram_phaseinjector0_command_issue_w' since it is never assigned("/home/alberto/socmel_1/litex-boards/litex_boards/targets/socmel_1/build/sipeed_tang_primer_20k_socmel_1/gateware/sipeed_tang_primer_20k_socmel_1.v":4656)
WARN  (EX3780) : Using initial value of 'basesoc_sdram_phaseinjector1_command_issue_w' since it is never assigned("/home/alberto/socmel_1/litex-boards/litex_boards/targets/socmel_1/build/sipeed_tang_primer_20k_socmel_1/gateware/sipeed_tang_primer_20k_socmel_1.v":4679)
WARN  (EX3780) : Using initial value of 'basesoc_sdram_steerer2' since it is never assigned("/home/alberto/socmel_1/litex-boards/litex_boards/targets/socmel_1/build/sipeed_tang_primer_20k_socmel_1/gateware/sipeed_tang_primer_20k_socmel_1.v":4744)
WARN  (EX3780) : Using initial value of 'basesoc_sdram_steerer3' since it is never assigned("/home/alberto/socmel_1/litex-boards/litex_boards/targets/socmel_1/build/sipeed_tang_primer_20k_socmel_1/gateware/sipeed_tang_primer_20k_socmel_1.v":4745)
WARN  (EX3780) : Using initial value of 'basesoc_sdram_steerer4' since it is never assigned("/home/alberto/socmel_1/litex-boards/litex_boards/targets/socmel_1/build/sipeed_tang_primer_20k_socmel_1/gateware/sipeed_tang_primer_20k_socmel_1.v":4746)
WARN  (EX3780) : Using initial value of 'basesoc_sdram_steerer5' since it is never assigned("/home/alberto/socmel_1/litex-boards/litex_boards/targets/socmel_1/build/sipeed_tang_primer_20k_socmel_1/gateware/sipeed_tang_primer_20k_socmel_1.v":4747)
WARN  (EX3780) : Using initial value of 'basesoc_wb_sdram_err' since it is never assigned("/home/alberto/socmel_1/litex-boards/litex_boards/targets/socmel_1/build/sipeed_tang_primer_20k_socmel_1/gateware/sipeed_tang_primer_20k_socmel_1.v":4802)
WARN  (EX3780) : Using initial value of 'builder_interface0_err' since it is never assigned("/home/alberto/socmel_1/litex-boards/litex_boards/targets/socmel_1/build/sipeed_tang_primer_20k_socmel_1/gateware/sipeed_tang_primer_20k_socmel_1.v":5214)
WARN  (EX3780) : Using initial value of 'builder_locked0' since it is never assigned("/home/alberto/socmel_1/litex-boards/litex_boards/targets/socmel_1/build/sipeed_tang_primer_20k_socmel_1/gateware/sipeed_tang_primer_20k_socmel_1.v":5366)
WARN  (EX3780) : Using initial value of 'builder_locked1' since it is never assigned("/home/alberto/socmel_1/litex-boards/litex_boards/targets/socmel_1/build/sipeed_tang_primer_20k_socmel_1/gateware/sipeed_tang_primer_20k_socmel_1.v":5367)
WARN  (EX3780) : Using initial value of 'builder_locked2' since it is never assigned("/home/alberto/socmel_1/litex-boards/litex_boards/targets/socmel_1/build/sipeed_tang_primer_20k_socmel_1/gateware/sipeed_tang_primer_20k_socmel_1.v":5368)
WARN  (EX3780) : Using initial value of 'builder_locked3' since it is never assigned("/home/alberto/socmel_1/litex-boards/litex_boards/targets/socmel_1/build/sipeed_tang_primer_20k_socmel_1/gateware/sipeed_tang_primer_20k_socmel_1.v":5369)
WARN  (EX3780) : Using initial value of 'builder_locked4' since it is never assigned("/home/alberto/socmel_1/litex-boards/litex_boards/targets/socmel_1/build/sipeed_tang_primer_20k_socmel_1/gateware/sipeed_tang_primer_20k_socmel_1.v":5370)
WARN  (EX3780) : Using initial value of 'builder_locked5' since it is never assigned("/home/alberto/socmel_1/litex-boards/litex_boards/targets/socmel_1/build/sipeed_tang_primer_20k_socmel_1/gateware/sipeed_tang_primer_20k_socmel_1.v":5371)
WARN  (EX3780) : Using initial value of 'builder_locked6' since it is never assigned("/home/alberto/socmel_1/litex-boards/litex_boards/targets/socmel_1/build/sipeed_tang_primer_20k_socmel_1/gateware/sipeed_tang_primer_20k_socmel_1.v":5372)
WARN  (EX3780) : Using initial value of 'builder_locked7' since it is never assigned("/home/alberto/socmel_1/litex-boards/litex_boards/targets/socmel_1/build/sipeed_tang_primer_20k_socmel_1/gateware/sipeed_tang_primer_20k_socmel_1.v":5373)
WARN  (EX3780) : Using initial value of 'ethphy_liteethphyrmiirx_converter_sink_first' since it is never assigned("/home/alberto/socmel_1/litex-boards/litex_boards/targets/socmel_1/build/sipeed_tang_primer_20k_socmel_1/gateware/sipeed_tang_primer_20k_socmel_1.v":5513)
WARN  (EX3780) : Using initial value of 'ethphy_liteethphyrmiirx_delay_sink_first' since it is never assigned("/home/alberto/socmel_1/litex-boards/litex_boards/targets/socmel_1/build/sipeed_tang_primer_20k_socmel_1/gateware/sipeed_tang_primer_20k_socmel_1.v":5574)
WARN  (EX3780) : Using initial value of 'ethphy_liteethphyrmiirx_delay_sink_last' since it is never assigned("/home/alberto/socmel_1/litex-boards/litex_boards/targets/socmel_1/build/sipeed_tang_primer_20k_socmel_1/gateware/sipeed_tang_primer_20k_socmel_1.v":5575)
WARN  (EX3780) : Using initial value of 'ethphy_liteethphyrmiirx_rst' since it is never assigned("/home/alberto/socmel_1/litex-boards/litex_boards/targets/socmel_1/build/sipeed_tang_primer_20k_socmel_1/gateware/sipeed_tang_primer_20k_socmel_1.v":5584)
WARN  (EX3780) : Using initial value of 'ethphy_liteethphyrmiirx_source_source_payload_error' since it is never assigned("/home/alberto/socmel_1/litex-boards/litex_boards/targets/socmel_1/build/sipeed_tang_primer_20k_socmel_1/gateware/sipeed_tang_primer_20k_socmel_1.v":5593)
WARN  (EX3780) : Using initial value of 'ethphy_liteethphyrmiirx_source_source_payload_last_be' since it is never assigned("/home/alberto/socmel_1/litex-boards/litex_boards/targets/socmel_1/build/sipeed_tang_primer_20k_socmel_1/gateware/sipeed_tang_primer_20k_socmel_1.v":5594)
WARN  (EX3780) : Using initial value of 'ethphy_liteethphyrmiitx_converter_sink_first' since it is never assigned("/home/alberto/socmel_1/litex-boards/litex_boards/targets/socmel_1/build/sipeed_tang_primer_20k_socmel_1/gateware/sipeed_tang_primer_20k_socmel_1.v":5608)
WARN  (EX3780) : Using initial value of 'ethphy_liteethphyrmiitx_converter_sink_last' since it is never assigned("/home/alberto/socmel_1/litex-boards/litex_boards/targets/socmel_1/build/sipeed_tang_primer_20k_socmel_1/gateware/sipeed_tang_primer_20k_socmel_1.v":5609)
WARN  (EX3780) : Using initial value of 'ethphy_r' since it is never assigned("/home/alberto/socmel_1/litex-boards/litex_boards/targets/socmel_1/build/sipeed_tang_primer_20k_socmel_1/gateware/sipeed_tang_primer_20k_socmel_1.v":5636)
WARN  (EX3780) : Using initial value of 'gw2ddrphy_burstdet_clr_w' since it is never assigned("/home/alberto/socmel_1/litex-boards/litex_boards/targets/socmel_1/build/sipeed_tang_primer_20k_socmel_1/gateware/sipeed_tang_primer_20k_socmel_1.v":5767)
WARN  (EX3780) : Using initial value of 'gw2ddrphy_rdly_dq_bitslip_rst_w' since it is never assigned("/home/alberto/socmel_1/litex-boards/litex_boards/targets/socmel_1/build/sipeed_tang_primer_20k_socmel_1/gateware/sipeed_tang_primer_20k_socmel_1.v":6013)
WARN  (EX3780) : Using initial value of 'gw2ddrphy_rdly_dq_bitslip_w' since it is never assigned("/home/alberto/socmel_1/litex-boards/litex_boards/targets/socmel_1/build/sipeed_tang_primer_20k_socmel_1/gateware/sipeed_tang_primer_20k_socmel_1.v":6015)
WARN  (EX3780) : Using initial value of 'gw2ddrphy_rdly_dq_inc_w' since it is never assigned("/home/alberto/socmel_1/litex-boards/litex_boards/targets/socmel_1/build/sipeed_tang_primer_20k_socmel_1/gateware/sipeed_tang_primer_20k_socmel_1.v":6019)
WARN  (EX3780) : Using initial value of 'gw2ddrphy_rdly_dq_rst_w' since it is never assigned("/home/alberto/socmel_1/litex-boards/litex_boards/targets/socmel_1/build/sipeed_tang_primer_20k_socmel_1/gateware/sipeed_tang_primer_20k_socmel_1.v":6023)
WARN  (EX3780) : Using initial value of 'por_rst' since it is never assigned("/home/alberto/socmel_1/litex-boards/litex_boards/targets/socmel_1/build/sipeed_tang_primer_20k_socmel_1/gateware/sipeed_tang_primer_20k_socmel_1.v":6055)
Extracting RAM for identifier 'rom'("/home/alberto/socmel_1/litex-boards/litex_boards/targets/socmel_1/build/sipeed_tang_primer_20k_socmel_1/gateware/sipeed_tang_primer_20k_socmel_1.v":20852)
Extracting RAM for identifier 'sram'("/home/alberto/socmel_1/litex-boards/litex_boards/targets/socmel_1/build/sipeed_tang_primer_20k_socmel_1/gateware/sipeed_tang_primer_20k_socmel_1.v":20867)
Extracting RAM for identifier 'mem'("/home/alberto/socmel_1/litex-boards/litex_boards/targets/socmel_1/build/sipeed_tang_primer_20k_socmel_1/gateware/sipeed_tang_primer_20k_socmel_1.v":20890)
Extracting RAM for identifier 'storage'("/home/alberto/socmel_1/litex-boards/litex_boards/targets/socmel_1/build/sipeed_tang_primer_20k_socmel_1/gateware/sipeed_tang_primer_20k_socmel_1.v":20906)
Extracting RAM for identifier 'storage_1'("/home/alberto/socmel_1/litex-boards/litex_boards/targets/socmel_1/build/sipeed_tang_primer_20k_socmel_1/gateware/sipeed_tang_primer_20k_socmel_1.v":20927)
Extracting RAM for identifier 'storage_2'("/home/alberto/socmel_1/litex-boards/litex_boards/targets/socmel_1/build/sipeed_tang_primer_20k_socmel_1/gateware/sipeed_tang_primer_20k_socmel_1.v":23183)
Extracting RAM for identifier 'storage_3'("/home/alberto/socmel_1/litex-boards/litex_boards/targets/socmel_1/build/sipeed_tang_primer_20k_socmel_1/gateware/sipeed_tang_primer_20k_socmel_1.v":23201)
Extracting RAM for identifier 'storage_4'("/home/alberto/socmel_1/litex-boards/litex_boards/targets/socmel_1/build/sipeed_tang_primer_20k_socmel_1/gateware/sipeed_tang_primer_20k_socmel_1.v":23219)
Extracting RAM for identifier 'storage_5'("/home/alberto/socmel_1/litex-boards/litex_boards/targets/socmel_1/build/sipeed_tang_primer_20k_socmel_1/gateware/sipeed_tang_primer_20k_socmel_1.v":23237)
Extracting RAM for identifier 'storage_6'("/home/alberto/socmel_1/litex-boards/litex_boards/targets/socmel_1/build/sipeed_tang_primer_20k_socmel_1/gateware/sipeed_tang_primer_20k_socmel_1.v":23255)
Extracting RAM for identifier 'storage_7'("/home/alberto/socmel_1/litex-boards/litex_boards/targets/socmel_1/build/sipeed_tang_primer_20k_socmel_1/gateware/sipeed_tang_primer_20k_socmel_1.v":23273)
Extracting RAM for identifier 'storage_8'("/home/alberto/socmel_1/litex-boards/litex_boards/targets/socmel_1/build/sipeed_tang_primer_20k_socmel_1/gateware/sipeed_tang_primer_20k_socmel_1.v":23291)
Extracting RAM for identifier 'storage_9'("/home/alberto/socmel_1/litex-boards/litex_boards/targets/socmel_1/build/sipeed_tang_primer_20k_socmel_1/gateware/sipeed_tang_primer_20k_socmel_1.v":23309)
Extracting RAM for identifier 'tag_mem'("/home/alberto/socmel_1/litex-boards/litex_boards/targets/socmel_1/build/sipeed_tang_primer_20k_socmel_1/gateware/sipeed_tang_primer_20k_socmel_1.v":23326)
Extracting RAM for identifier 'storage_10'("/home/alberto/socmel_1/litex-boards/litex_boards/targets/socmel_1/build/sipeed_tang_primer_20k_socmel_1/gateware/sipeed_tang_primer_20k_socmel_1.v":23344)
Extracting RAM for identifier 'storage_11'("/home/alberto/socmel_1/litex-boards/litex_boards/targets/socmel_1/build/sipeed_tang_primer_20k_socmel_1/gateware/sipeed_tang_primer_20k_socmel_1.v":23364)
Extracting RAM for identifier 'storage_12'("/home/alberto/socmel_1/litex-boards/litex_boards/targets/socmel_1/build/sipeed_tang_primer_20k_socmel_1/gateware/sipeed_tang_primer_20k_socmel_1.v":23382)
Extracting RAM for identifier 'mem_1'("/home/alberto/socmel_1/litex-boards/litex_boards/targets/socmel_1/build/sipeed_tang_primer_20k_socmel_1/gateware/sipeed_tang_primer_20k_socmel_1.v":23402)
Extracting RAM for identifier 'storage_13'("/home/alberto/socmel_1/litex-boards/litex_boards/targets/socmel_1/build/sipeed_tang_primer_20k_socmel_1/gateware/sipeed_tang_primer_20k_socmel_1.v":23420)
Extracting RAM for identifier 'storage_14'("/home/alberto/socmel_1/litex-boards/litex_boards/targets/socmel_1/build/sipeed_tang_primer_20k_socmel_1/gateware/sipeed_tang_primer_20k_socmel_1.v":23441)
Extracting RAM for identifier 'storage_15'("/home/alberto/socmel_1/litex-boards/litex_boards/targets/socmel_1/build/sipeed_tang_primer_20k_socmel_1/gateware/sipeed_tang_primer_20k_socmel_1.v":23462)
Extracting RAM for identifier 'storage_16'("/home/alberto/socmel_1/litex-boards/litex_boards/targets/socmel_1/build/sipeed_tang_primer_20k_socmel_1/gateware/sipeed_tang_primer_20k_socmel_1.v":23482)
Extracting RAM for identifier 'storage_17'("/home/alberto/socmel_1/litex-boards/litex_boards/targets/socmel_1/build/sipeed_tang_primer_20k_socmel_1/gateware/sipeed_tang_primer_20k_socmel_1.v":23502)
Extracting RAM for identifier 'storage_18'("/home/alberto/socmel_1/litex-boards/litex_boards/targets/socmel_1/build/sipeed_tang_primer_20k_socmel_1/gateware/sipeed_tang_primer_20k_socmel_1.v":23520)
Extracting RAM for identifier 'storage_19'("/home/alberto/socmel_1/litex-boards/litex_boards/targets/socmel_1/build/sipeed_tang_primer_20k_socmel_1/gateware/sipeed_tang_primer_20k_socmel_1.v":23541)
Extracting RAM for identifier 'storage_20'("/home/alberto/socmel_1/litex-boards/litex_boards/targets/socmel_1/build/sipeed_tang_primer_20k_socmel_1/gateware/sipeed_tang_primer_20k_socmel_1.v":23562)
Extracting RAM for identifier 'storage_21'("/home/alberto/socmel_1/litex-boards/litex_boards/targets/socmel_1/build/sipeed_tang_primer_20k_socmel_1/gateware/sipeed_tang_primer_20k_socmel_1.v":23583)
Extracting RAM for identifier 'data_mem_grain0'("/home/alberto/socmel_1/litex-boards/litex_boards/targets/socmel_1/build/sipeed_tang_primer_20k_socmel_1/gateware/sipeed_tang_primer_20k_socmel_1.v":23735)
Extracting RAM for identifier 'data_mem_grain1'("/home/alberto/socmel_1/litex-boards/litex_boards/targets/socmel_1/build/sipeed_tang_primer_20k_socmel_1/gateware/sipeed_tang_primer_20k_socmel_1.v":23749)
Extracting RAM for identifier 'data_mem_grain2'("/home/alberto/socmel_1/litex-boards/litex_boards/targets/socmel_1/build/sipeed_tang_primer_20k_socmel_1/gateware/sipeed_tang_primer_20k_socmel_1.v":23763)
Extracting RAM for identifier 'data_mem_grain3'("/home/alberto/socmel_1/litex-boards/litex_boards/targets/socmel_1/build/sipeed_tang_primer_20k_socmel_1/gateware/sipeed_tang_primer_20k_socmel_1.v":23777)
Extracting RAM for identifier 'data_mem_grain4'("/home/alberto/socmel_1/litex-boards/litex_boards/targets/socmel_1/build/sipeed_tang_primer_20k_socmel_1/gateware/sipeed_tang_primer_20k_socmel_1.v":23791)
Extracting RAM for identifier 'data_mem_grain5'("/home/alberto/socmel_1/litex-boards/litex_boards/targets/socmel_1/build/sipeed_tang_primer_20k_socmel_1/gateware/sipeed_tang_primer_20k_socmel_1.v":23805)
Extracting RAM for identifier 'data_mem_grain6'("/home/alberto/socmel_1/litex-boards/litex_boards/targets/socmel_1/build/sipeed_tang_primer_20k_socmel_1/gateware/sipeed_tang_primer_20k_socmel_1.v":23819)
Extracting RAM for identifier 'data_mem_grain7'("/home/alberto/socmel_1/litex-boards/litex_boards/targets/socmel_1/build/sipeed_tang_primer_20k_socmel_1/gateware/sipeed_tang_primer_20k_socmel_1.v":23833)
Extracting RAM for identifier 'data_mem_grain8'("/home/alberto/socmel_1/litex-boards/litex_boards/targets/socmel_1/build/sipeed_tang_primer_20k_socmel_1/gateware/sipeed_tang_primer_20k_socmel_1.v":23847)
Extracting RAM for identifier 'data_mem_grain9'("/home/alberto/socmel_1/litex-boards/litex_boards/targets/socmel_1/build/sipeed_tang_primer_20k_socmel_1/gateware/sipeed_tang_primer_20k_socmel_1.v":23861)
Extracting RAM for identifier 'data_mem_grain10'("/home/alberto/socmel_1/litex-boards/litex_boards/targets/socmel_1/build/sipeed_tang_primer_20k_socmel_1/gateware/sipeed_tang_primer_20k_socmel_1.v":23875)
Extracting RAM for identifier 'data_mem_grain11'("/home/alberto/socmel_1/litex-boards/litex_boards/targets/socmel_1/build/sipeed_tang_primer_20k_socmel_1/gateware/sipeed_tang_primer_20k_socmel_1.v":23889)
Extracting RAM for identifier 'data_mem_grain12'("/home/alberto/socmel_1/litex-boards/litex_boards/targets/socmel_1/build/sipeed_tang_primer_20k_socmel_1/gateware/sipeed_tang_primer_20k_socmel_1.v":23903)
Extracting RAM for identifier 'data_mem_grain13'("/home/alberto/socmel_1/litex-boards/litex_boards/targets/socmel_1/build/sipeed_tang_primer_20k_socmel_1/gateware/sipeed_tang_primer_20k_socmel_1.v":23917)
Extracting RAM for identifier 'data_mem_grain14'("/home/alberto/socmel_1/litex-boards/litex_boards/targets/socmel_1/build/sipeed_tang_primer_20k_socmel_1/gateware/sipeed_tang_primer_20k_socmel_1.v":23931)
Extracting RAM for identifier 'data_mem_grain15'("/home/alberto/socmel_1/litex-boards/litex_boards/targets/socmel_1/build/sipeed_tang_primer_20k_socmel_1/gateware/sipeed_tang_primer_20k_socmel_1.v":23945)
WARN  (EX3791) : Expression size 2 truncated to fit in target size 1("/home/alberto/socmel_1/litex-boards/litex_boards/targets/socmel_1/build/sipeed_tang_primer_20k_socmel_1/gateware/sipeed_tang_primer_20k_socmel_1.v":7244)
WARN  (EX3791) : Expression size 2 truncated to fit in target size 1("/home/alberto/socmel_1/litex-boards/litex_boards/targets/socmel_1/build/sipeed_tang_primer_20k_socmel_1/gateware/sipeed_tang_primer_20k_socmel_1.v":7275)
WARN  (EX3791) : Expression size 30 truncated to fit in target size 28("/home/alberto/socmel_1/litex-boards/litex_boards/targets/socmel_1/build/sipeed_tang_primer_20k_socmel_1/gateware/sipeed_tang_primer_20k_socmel_1.v":9170)
WARN  (EX3791) : Expression size 28 truncated to fit in target size 23("/home/alberto/socmel_1/litex-boards/litex_boards/targets/socmel_1/build/sipeed_tang_primer_20k_socmel_1/gateware/sipeed_tang_primer_20k_socmel_1.v":9237)
WARN  (EX3791) : Expression size 104 truncated to fit in target size 8("/home/alberto/socmel_1/litex-boards/litex_boards/targets/socmel_1/build/sipeed_tang_primer_20k_socmel_1/gateware/sipeed_tang_primer_20k_socmel_1.v":10403)
WARN  (EX3791) : Expression size 216 truncated to fit in target size 8("/home/alberto/socmel_1/litex-boards/litex_boards/targets/socmel_1/build/sipeed_tang_primer_20k_socmel_1/gateware/sipeed_tang_primer_20k_socmel_1.v":10747)
WARN  (EX3791) : Expression size 152 truncated to fit in target size 8("/home/alberto/socmel_1/litex-boards/litex_boards/targets/socmel_1/build/sipeed_tang_primer_20k_socmel_1/gateware/sipeed_tang_primer_20k_socmel_1.v":11429)
WARN  (EX3791) : Expression size 56 truncated to fit in target size 8("/home/alberto/socmel_1/litex-boards/litex_boards/targets/socmel_1/build/sipeed_tang_primer_20k_socmel_1/gateware/sipeed_tang_primer_20k_socmel_1.v":12028)
WARN  (EX3791) : Expression size 56 truncated to fit in target size 8("/home/alberto/socmel_1/litex-boards/litex_boards/targets/socmel_1/build/sipeed_tang_primer_20k_socmel_1/gateware/sipeed_tang_primer_20k_socmel_1.v":12563)
WARN  (EX3834) : Case condition never applies("/home/alberto/socmel_1/litex-boards/litex_boards/targets/socmel_1/build/sipeed_tang_primer_20k_socmel_1/gateware/sipeed_tang_primer_20k_socmel_1.v":12854)
WARN  (EX3834) : Case condition never applies("/home/alberto/socmel_1/litex-boards/litex_boards/targets/socmel_1/build/sipeed_tang_primer_20k_socmel_1/gateware/sipeed_tang_primer_20k_socmel_1.v":12857)
WARN  (EX3834) : Case condition never applies("/home/alberto/socmel_1/litex-boards/litex_boards/targets/socmel_1/build/sipeed_tang_primer_20k_socmel_1/gateware/sipeed_tang_primer_20k_socmel_1.v":12860)
WARN  (EX3834) : Case condition never applies("/home/alberto/socmel_1/litex-boards/litex_boards/targets/socmel_1/build/sipeed_tang_primer_20k_socmel_1/gateware/sipeed_tang_primer_20k_socmel_1.v":12863)
WARN  (EX3834) : Case condition never applies("/home/alberto/socmel_1/litex-boards/litex_boards/targets/socmel_1/build/sipeed_tang_primer_20k_socmel_1/gateware/sipeed_tang_primer_20k_socmel_1.v":12866)
WARN  (EX3834) : Case condition never applies("/home/alberto/socmel_1/litex-boards/litex_boards/targets/socmel_1/build/sipeed_tang_primer_20k_socmel_1/gateware/sipeed_tang_primer_20k_socmel_1.v":12869)
WARN  (EX3791) : Expression size 8 truncated to fit in target size 4("/home/alberto/socmel_1/litex-boards/litex_boards/targets/socmel_1/build/sipeed_tang_primer_20k_socmel_1/gateware/sipeed_tang_primer_20k_socmel_1.v":14209)
WARN  (EX3791) : Expression size 8 truncated to fit in target size 4("/home/alberto/socmel_1/litex-boards/litex_boards/targets/socmel_1/build/sipeed_tang_primer_20k_socmel_1/gateware/sipeed_tang_primer_20k_socmel_1.v":14239)
WARN  (EX3791) : Expression size 32 truncated to fit in target size 30("/home/alberto/socmel_1/litex-boards/litex_boards/targets/socmel_1/build/sipeed_tang_primer_20k_socmel_1/gateware/sipeed_tang_primer_20k_socmel_1.v":14727)
WARN  (EX3791) : Expression size 32 truncated to fit in target size 30("/home/alberto/socmel_1/litex-boards/litex_boards/targets/socmel_1/build/sipeed_tang_primer_20k_socmel_1/gateware/sipeed_tang_primer_20k_socmel_1.v":14741)
WARN  (EX3791) : Expression size 30 truncated to fit in target size 14("/home/alberto/socmel_1/litex-boards/litex_boards/targets/socmel_1/build/sipeed_tang_primer_20k_socmel_1/gateware/sipeed_tang_primer_20k_socmel_1.v":14869)
WARN  (EX3791) : Expression size 4 truncated to fit in target size 3("/home/alberto/socmel_1/litex-boards/litex_boards/targets/socmel_1/build/sipeed_tang_primer_20k_socmel_1/gateware/sipeed_tang_primer_20k_socmel_1.v":19576)
WARN  (EX3791) : Expression size 9 truncated to fit in target size 8("/home/alberto/socmel_1/litex-boards/litex_boards/targets/socmel_1/build/sipeed_tang_primer_20k_socmel_1/gateware/sipeed_tang_primer_20k_socmel_1.v":19907)
WARN  (EX3791) : Expression size 9 truncated to fit in target size 8("/home/alberto/socmel_1/litex-boards/litex_boards/targets/socmel_1/build/sipeed_tang_primer_20k_socmel_1/gateware/sipeed_tang_primer_20k_socmel_1.v":19909)
Compiling module 'myperiph'("/home/alberto/self_socmel_1/litex-boards/litex_boards/targets/socmel_1/myperiph.v":48)
WARN  (EX3791) : Expression size 3 truncated to fit in target size 2("/home/alberto/self_socmel_1/litex-boards/litex_boards/targets/socmel_1/myperiph.v":79)
WARN  (EX3670) : Actual bit length 1 differs from formal bit length 4 for port 'csr_addr'("/home/alberto/socmel_1/litex-boards/litex_boards/targets/socmel_1/build/sipeed_tang_primer_20k_socmel_1/gateware/sipeed_tang_primer_20k_socmel_1.v":23606)
Compiling module 'sdr_periph'("/home/alberto/self_socmel_1/litex-boards/litex_boards/targets/socmel_1/sdr_periph/verilog/sdr_periph.v":12)
Compiling module 'CIC_Fliter_Top'("/home/alberto/self_socmel_1/litex-boards/litex_boards/targets/socmel_1/sdr_periph/verilog/cic_filter.v":5919)
Compiling module '**'("/home/alberto/self_socmel_1/litex-boards/litex_boards/targets/socmel_1/sdr_periph/verilog/cic_filter.v":5918)
Compiling module 'SinCos'("/home/alberto/self_socmel_1/litex-boards/litex_boards/targets/socmel_1/sdr_periph/verilog/SinCos.v":1)
Extracting RAM for identifier 'sin_lut'("/home/alberto/self_socmel_1/litex-boards/litex_boards/targets/socmel_1/sdr_periph/verilog/SinCos.v":34)
Compiling module 'nco_sig'("/home/alberto/self_socmel_1/litex-boards/litex_boards/targets/socmel_1/sdr_periph/verilog/NCO.v":13)
Compiling module 'DDS_II_Top'("/home/alberto/self_socmel_1/litex-boards/litex_boards/targets/socmel_1/sdr_periph/verilog/dds_ii.v":1808)
Compiling module '**'("/home/alberto/self_socmel_1/litex-boards/litex_boards/targets/socmel_1/sdr_periph/verilog/dds_ii.v":1807)
Compiling module 'Hilbert'("/home/alberto/self_socmel_1/litex-boards/litex_boards/targets/socmel_1/sdr_periph/verilog/Hilbert.v":7)
Extracting RAM for identifier 'coefficients'("/home/alberto/self_socmel_1/litex-boards/litex_boards/targets/socmel_1/sdr_periph/verilog/Hilbert.v":44)
WARN  (EX3791) : Expression size 5 truncated to fit in target size 4("/home/alberto/self_socmel_1/litex-boards/litex_boards/targets/socmel_1/sdr_periph/verilog/sdr_periph.v":332)
Compiling module 'pt8211_drive'("/home/alberto/self_socmel_1/litex-boards/litex_boards/targets/socmel_1/sdr_periph/verilog/pt8211_drive.v":2)
WARN  (EX1998) : Net 'phase_accum[43]' does not have a driver("/home/alberto/self_socmel_1/litex-boards/litex_boards/targets/socmel_1/sdr_periph/verilog/sdr_periph.v":78)
WARN  (EX3670) : Actual bit length 1 differs from formal bit length 4 for port 'csr_sdr_addr'("/home/alberto/socmel_1/litex-boards/litex_boards/targets/socmel_1/build/sipeed_tang_primer_20k_socmel_1/gateware/sipeed_tang_primer_20k_socmel_1.v":23629)
Compiling module 'VexRiscv'("/home/alberto/litex_venv/pythondata-cpu-vexriscv/pythondata_cpu_vexriscv/verilog/VexRiscv_Lite.v":7)
Extracting RAM for identifier 'RegFilePlugin_regFile'("/home/alberto/litex_venv/pythondata-cpu-vexriscv/pythondata_cpu_vexriscv/verilog/VexRiscv_Lite.v":1154)
Compiling module 'InstructionCache'("/home/alberto/litex_venv/pythondata-cpu-vexriscv/pythondata_cpu_vexriscv/verilog/VexRiscv_Lite.v":4626)
Extracting RAM for identifier 'banks_0'("/home/alberto/litex_venv/pythondata-cpu-vexriscv/pythondata_cpu_vexriscv/verilog/VexRiscv_Lite.v":4732)
Extracting RAM for identifier 'ways_0_tags'("/home/alberto/litex_venv/pythondata-cpu-vexriscv/pythondata_cpu_vexriscv/verilog/VexRiscv_Lite.v":4733)
WARN  (EX1998) : Net 'IBusCachedPlugin_cache_io_cpu_fetch_isRemoved' does not have a driver("/home/alberto/litex_venv/pythondata-cpu-vexriscv/pythondata_cpu_vexriscv/verilog/VexRiscv_Lite.v":67)
WARN  (EX1998) : Net 'IBusCachedPlugin_mmuBus_rsp_bypassTranslation' does not have a driver("/home/alberto/litex_venv/pythondata-cpu-vexriscv/pythondata_cpu_vexriscv/verilog/VexRiscv_Lite.v":515)
WARN  (EX1998) : Net 'CsrPlugin_mtvec_mode[1]' does not have a driver("/home/alberto/litex_venv/pythondata-cpu-vexriscv/pythondata_cpu_vexriscv/verilog/VexRiscv_Lite.v":785)
NOTE  (EX0101) : Current top module is "sipeed_tang_primer_20k_socmel_1"
WARN  (EX0211) : The output port "TX" of module "sdr_periph" has no driver, assigning undriven bits to Z, simulation mismatch possible("/home/alberto/self_socmel_1/litex-boards/litex_boards/targets/socmel_1/sdr_periph/verilog/sdr_periph.v":15)
WARN  (EX0211) : The output port "leds[5]" of module "sdr_periph" has no driver, assigning undriven bits to Z, simulation mismatch possible("/home/alberto/self_socmel_1/litex-boards/litex_boards/targets/socmel_1/sdr_periph/verilog/sdr_periph.v":24)
WARN  (EX0211) : The output port "csr_sdr_rdata[63]" of module "sdr_periph" has no driver, assigning undriven bits to Z, simulation mismatch possible("/home/alberto/self_socmel_1/litex-boards/litex_boards/targets/socmel_1/sdr_periph/verilog/sdr_periph.v":45)
WARN  (EX0211) : The output port "csr_sdr_rdata[62]" of module "sdr_periph" has no driver, assigning undriven bits to Z, simulation mismatch possible("/home/alberto/self_socmel_1/litex-boards/litex_boards/targets/socmel_1/sdr_periph/verilog/sdr_periph.v":45)
WARN  (EX0211) : The output port "csr_sdr_rdata[61]" of module "sdr_periph" has no driver, assigning undriven bits to Z, simulation mismatch possible("/home/alberto/self_socmel_1/litex-boards/litex_boards/targets/socmel_1/sdr_periph/verilog/sdr_periph.v":45)
WARN  (EX0211) : The output port "csr_sdr_rdata[60]" of module "sdr_periph" has no driver, assigning undriven bits to Z, simulation mismatch possible("/home/alberto/self_socmel_1/litex-boards/litex_boards/targets/socmel_1/sdr_periph/verilog/sdr_periph.v":45)
WARN  (EX0211) : The output port "csr_sdr_rdata[59]" of module "sdr_periph" has no driver, assigning undriven bits to Z, simulation mismatch possible("/home/alberto/self_socmel_1/litex-boards/litex_boards/targets/socmel_1/sdr_periph/verilog/sdr_periph.v":45)
WARN  (EX0211) : The output port "csr_sdr_rdata[58]" of module "sdr_periph" has no driver, assigning undriven bits to Z, simulation mismatch possible("/home/alberto/self_socmel_1/litex-boards/litex_boards/targets/socmel_1/sdr_periph/verilog/sdr_periph.v":45)
WARN  (EX0211) : The output port "csr_sdr_rdata[57]" of module "sdr_periph" has no driver, assigning undriven bits to Z, simulation mismatch possible("/home/alberto/self_socmel_1/litex-boards/litex_boards/targets/socmel_1/sdr_periph/verilog/sdr_periph.v":45)
WARN  (EX0211) : The output port "csr_sdr_rdata[56]" of module "sdr_periph" has no driver, assigning undriven bits to Z, simulation mismatch possible("/home/alberto/self_socmel_1/litex-boards/litex_boards/targets/socmel_1/sdr_periph/verilog/sdr_periph.v":45)
WARN  (EX0211) : The output port "csr_sdr_rdata[55]" of module "sdr_periph" has no driver, assigning undriven bits to Z, simulation mismatch possible("/home/alberto/self_socmel_1/litex-boards/litex_boards/targets/socmel_1/sdr_periph/verilog/sdr_periph.v":45)
WARN  (EX0211) : The output port "csr_sdr_rdata[54]" of module "sdr_periph" has no driver, assigning undriven bits to Z, simulation mismatch possible("/home/alberto/self_socmel_1/litex-boards/litex_boards/targets/socmel_1/sdr_periph/verilog/sdr_periph.v":45)
WARN  (EX0211) : The output port "csr_sdr_rdata[53]" of module "sdr_periph" has no driver, assigning undriven bits to Z, simulation mismatch possible("/home/alberto/self_socmel_1/litex-boards/litex_boards/targets/socmel_1/sdr_periph/verilog/sdr_periph.v":45)
WARN  (EX0211) : The output port "csr_sdr_rdata[52]" of module "sdr_periph" has no driver, assigning undriven bits to Z, simulation mismatch possible("/home/alberto/self_socmel_1/litex-boards/litex_boards/targets/socmel_1/sdr_periph/verilog/sdr_periph.v":45)
WARN  (EX0211) : The output port "csr_sdr_rdata[51]" of module "sdr_periph" has no driver, assigning undriven bits to Z, simulation mismatch possible("/home/alberto/self_socmel_1/litex-boards/litex_boards/targets/socmel_1/sdr_periph/verilog/sdr_periph.v":45)
WARN  (EX0211) : The output port "csr_sdr_rdata[50]" of module "sdr_periph" has no driver, assigning undriven bits to Z, simulation mismatch possible("/home/alberto/self_socmel_1/litex-boards/litex_boards/targets/socmel_1/sdr_periph/verilog/sdr_periph.v":45)
WARN  (EX0211) : The output port "csr_sdr_rdata[49]" of module "sdr_periph" has no driver, assigning undriven bits to Z, simulation mismatch possible("/home/alberto/self_socmel_1/litex-boards/litex_boards/targets/socmel_1/sdr_periph/verilog/sdr_periph.v":45)
WARN  (EX0211) : The output port "csr_sdr_rdata[48]" of module "sdr_periph" has no driver, assigning undriven bits to Z, simulation mismatch possible("/home/alberto/self_socmel_1/litex-boards/litex_boards/targets/socmel_1/sdr_periph/verilog/sdr_periph.v":45)
WARN  (EX0211) : The output port "csr_sdr_rdata[47]" of module "sdr_periph" has no driver, assigning undriven bits to Z, simulation mismatch possible("/home/alberto/self_socmel_1/litex-boards/litex_boards/targets/socmel_1/sdr_periph/verilog/sdr_periph.v":45)
WARN  (EX0211) : The output port "csr_sdr_rdata[46]" of module "sdr_periph" has no driver, assigning undriven bits to Z, simulation mismatch possible("/home/alberto/self_socmel_1/litex-boards/litex_boards/targets/socmel_1/sdr_periph/verilog/sdr_periph.v":45)
WARN  (EX0211) : The output port "csr_sdr_rdata[45]" of module "sdr_periph" has no driver, assigning undriven bits to Z, simulation mismatch possible("/home/alberto/self_socmel_1/litex-boards/litex_boards/targets/socmel_1/sdr_periph/verilog/sdr_periph.v":45)
WARN  (EX0211) : The output port "csr_sdr_rdata[44]" of module "sdr_periph" has no driver, assigning undriven bits to Z, simulation mismatch possible("/home/alberto/self_socmel_1/litex-boards/litex_boards/targets/socmel_1/sdr_periph/verilog/sdr_periph.v":45)
WARN  (EX0211) : The output port "csr_sdr_rdata[43]" of module "sdr_periph" has no driver, assigning undriven bits to Z, simulation mismatch possible("/home/alberto/self_socmel_1/litex-boards/litex_boards/targets/socmel_1/sdr_periph/verilog/sdr_periph.v":45)
WARN  (EX0211) : The output port "csr_sdr_rdata[42]" of module "sdr_periph" has no driver, assigning undriven bits to Z, simulation mismatch possible("/home/alberto/self_socmel_1/litex-boards/litex_boards/targets/socmel_1/sdr_periph/verilog/sdr_periph.v":45)
WARN  (EX0211) : The output port "csr_sdr_rdata[41]" of module "sdr_periph" has no driver, assigning undriven bits to Z, simulation mismatch possible("/home/alberto/self_socmel_1/litex-boards/litex_boards/targets/socmel_1/sdr_periph/verilog/sdr_periph.v":45)
WARN  (EX0211) : The output port "csr_sdr_rdata[40]" of module "sdr_periph" has no driver, assigning undriven bits to Z, simulation mismatch possible("/home/alberto/self_socmel_1/litex-boards/litex_boards/targets/socmel_1/sdr_periph/verilog/sdr_periph.v":45)
WARN  (EX0211) : The output port "csr_sdr_rdata[39]" of module "sdr_periph" has no driver, assigning undriven bits to Z, simulation mismatch possible("/home/alberto/self_socmel_1/litex-boards/litex_boards/targets/socmel_1/sdr_periph/verilog/sdr_periph.v":45)
WARN  (EX0211) : The output port "csr_sdr_rdata[38]" of module "sdr_periph" has no driver, assigning undriven bits to Z, simulation mismatch possible("/home/alberto/self_socmel_1/litex-boards/litex_boards/targets/socmel_1/sdr_periph/verilog/sdr_periph.v":45)
WARN  (EX0211) : The output port "csr_sdr_rdata[37]" of module "sdr_periph" has no driver, assigning undriven bits to Z, simulation mismatch possible("/home/alberto/self_socmel_1/litex-boards/litex_boards/targets/socmel_1/sdr_periph/verilog/sdr_periph.v":45)
WARN  (EX0211) : The output port "csr_sdr_rdata[36]" of module "sdr_periph" has no driver, assigning undriven bits to Z, simulation mismatch possible("/home/alberto/self_socmel_1/litex-boards/litex_boards/targets/socmel_1/sdr_periph/verilog/sdr_periph.v":45)
WARN  (EX0211) : The output port "csr_sdr_rdata[35]" of module "sdr_periph" has no driver, assigning undriven bits to Z, simulation mismatch possible("/home/alberto/self_socmel_1/litex-boards/litex_boards/targets/socmel_1/sdr_periph/verilog/sdr_periph.v":45)
WARN  (EX0211) : The output port "csr_sdr_rdata[34]" of module "sdr_periph" has no driver, assigning undriven bits to Z, simulation mismatch possible("/home/alberto/self_socmel_1/litex-boards/litex_boards/targets/socmel_1/sdr_periph/verilog/sdr_periph.v":45)
WARN  (EX0211) : The output port "csr_sdr_rdata[33]" of module "sdr_periph" has no driver, assigning undriven bits to Z, simulation mismatch possible("/home/alberto/self_socmel_1/litex-boards/litex_boards/targets/socmel_1/sdr_periph/verilog/sdr_periph.v":45)
[5%] Running netlist conversion ...
WARN  (CV0016) : Input eth_rx_er is unused("/home/alberto/socmel_1/litex-boards/litex_boards/targets/socmel_1/build/sipeed_tang_primer_20k_socmel_1/gateware/sipeed_tang_primer_20k_socmel_1.v":49)
Running device independent optimization ...
[10%] Optimizing Phase 0 completed
[15%] Optimizing Phase 1 completed
[25%] Optimizing Phase 2 completed
Running inference ...
[30%] Inferring Phase 0 completed
[40%] Inferring Phase 1 completed
[50%] Inferring Phase 2 completed
[55%] Inferring Phase 3 completed
Running technical mapping ...
[60%] Tech-Mapping Phase 0 completed
[65%] Tech-Mapping Phase 1 completed
[75%] Tech-Mapping Phase 2 completed
[80%] Tech-Mapping Phase 3 completed
[90%] Tech-Mapping Phase 4 completed
WARN  (NL0002) : The module "SinCos" instantiated to "SinCos_test_gen" is swept in optimizing("/home/alberto/self_socmel_1/litex-boards/litex_boards/targets/socmel_1/sdr_periph/verilog/sdr_periph.v":180)
WARN  (NL0002) : The module "nco_sig" instantiated to "nco_test_gen" is swept in optimizing("/home/alberto/self_socmel_1/litex-boards/litex_boards/targets/socmel_1/sdr_periph/verilog/sdr_periph.v":186)
[95%] Generate netlist file "/home/alberto/socmel_1/litex-boards/litex_boards/targets/socmel_1/build/sipeed_tang_primer_20k_socmel_1/gateware/impl/gwsynthesis/project.vg" completed
[100%] Generate report file "/home/alberto/socmel_1/litex-boards/litex_boards/targets/socmel_1/build/sipeed_tang_primer_20k_socmel_1/gateware/impl/gwsynthesis/project_syn.rpt.html" completed
GowinSynthesis finish
