Reading netlist file: "/home/alberto/socmel_1/litex-boards/litex_boards/targets/socmel_1/build/sipeed_tang_primer_20k_socmel_1/gateware/impl/gwsynthesis/project.vg"
Parsing netlist file "/home/alberto/socmel_1/litex-boards/litex_boards/targets/socmel_1/build/sipeed_tang_primer_20k_socmel_1/gateware/impl/gwsynthesis/project.vg" completed
Processing netlist completed
Reading constraint file: "/home/alberto/socmel_1/litex-boards/litex_boards/targets/socmel_1/build/sipeed_tang_primer_20k_socmel_1/gateware/sipeed_tang_primer_20k_socmel_1.cst"
Physical Constraint parsed completed
Running placement......
[10%] Placement Phase 0 completed
[20%] Placement Phase 1 completed
[30%] Placement Phase 2 completed
WARN  (TA1132) :  'eth_clocks_ref_clk' was determined to be a clock but was not created.
WARN  (TA1132) :  'sdr_HP_BCK_d' was determined to be a clock but was not created.
WARN  (TA1132) :  'CLKDIV/CLKOUT.default_gen_clk' was determined to be a clock but was not created.
[50%] Placement Phase 3 completed
Running routing......
[60%] Routing Phase 0 completed
[70%] Routing Phase 1 completed
[80%] Routing Phase 2 completed
[90%] Routing Phase 3 completed
Running timing analysis......
[95%] Timing analysis completed
Placement and routing completed
Bitstream generation in progress......
Bitstream generation completed
Running power analysis......
[100%] Power analysis completed
Generate file "/home/alberto/socmel_1/litex-boards/litex_boards/targets/socmel_1/build/sipeed_tang_primer_20k_socmel_1/gateware/impl/pnr/project.power.html" completed
Generate file "/home/alberto/socmel_1/litex-boards/litex_boards/targets/socmel_1/build/sipeed_tang_primer_20k_socmel_1/gateware/impl/pnr/project.pin.html" completed
Generate file "/home/alberto/socmel_1/litex-boards/litex_boards/targets/socmel_1/build/sipeed_tang_primer_20k_socmel_1/gateware/impl/pnr/project.rpt.html" completed
Generate file "/home/alberto/socmel_1/litex-boards/litex_boards/targets/socmel_1/build/sipeed_tang_primer_20k_socmel_1/gateware/impl/pnr/project.rpt.txt" completed
Generate file "/home/alberto/socmel_1/litex-boards/litex_boards/targets/socmel_1/build/sipeed_tang_primer_20k_socmel_1/gateware/impl/pnr/project.tr.html" completed
Wed Nov 26 00:12:35 2025

